  [1m[35m (541.9ms)[0m  [1m[35mCREATE DATABASE "ALotOfCats_development" ENCODING = 'unicode'[0m
  ↳ bin/rails:9
  [1m[35m (333.2ms)[0m  [1m[35mCREATE DATABASE "ALotOfCats_test" ENCODING = 'unicode'[0m
  ↳ bin/rails:9
  [1m[35m (41.1ms)[0m  [1m[35mCREATE TABLE "schema_migrations" ("version" character varying NOT NULL PRIMARY KEY)[0m
  ↳ bin/rails:9
  [1m[35m (12.5ms)[0m  [1m[35mCREATE TABLE "ar_internal_metadata" ("key" character varying NOT NULL PRIMARY KEY, "value" character varying, "created_at" timestamp NOT NULL, "updated_at" timestamp NOT NULL)[0m
  ↳ bin/rails:9
  [1m[35m (2.2ms)[0m  [1m[34mSELECT pg_try_advisory_lock(53163498002402445)[0m
  ↳ bin/rails:9
  [1m[35m (2.1ms)[0m  [1m[34mSELECT "schema_migrations"."version" FROM "schema_migrations" ORDER BY "schema_migrations"."version" ASC[0m
  ↳ bin/rails:9
Migrating to CreateCats (20200710205816)
  [1m[35m (0.2ms)[0m  [1m[35mBEGIN[0m
  ↳ bin/rails:9
  [1m[35m (31.2ms)[0m  [1m[35mCREATE TABLE "cats" ("id" bigserial primary key, "birth_date" date NOT NULL, "color" character varying NOT NULL, "name" character varying NOT NULL, "sex" character varying(1) NOT NULL, "description" text NOT NULL, "created_at" timestamp NOT NULL, "updated_at" timestamp NOT NULL)[0m
  ↳ db/migrate/20200710205816_create_cats.rb:3
  [1m[36mActiveRecord::SchemaMigration Create (14.8ms)[0m  [1m[32mINSERT INTO "schema_migrations" ("version") VALUES ($1) RETURNING "version"[0m  [["version", "20200710205816"]]
  ↳ bin/rails:9
  [1m[35m (5.4ms)[0m  [1m[35mCOMMIT[0m
  ↳ bin/rails:9
  [1m[36mActiveRecord::InternalMetadata Load (2.8ms)[0m  [1m[34mSELECT  "ar_internal_metadata".* FROM "ar_internal_metadata" WHERE "ar_internal_metadata"."key" = $1 LIMIT $2[0m  [["key", "environment"], ["LIMIT", 1]]
  ↳ bin/rails:9
  [1m[35m (0.2ms)[0m  [1m[35mBEGIN[0m
  ↳ bin/rails:9
  [1m[36mActiveRecord::InternalMetadata Create (3.0ms)[0m  [1m[32mINSERT INTO "ar_internal_metadata" ("key", "value", "created_at", "updated_at") VALUES ($1, $2, $3, $4) RETURNING "key"[0m  [["key", "environment"], ["value", "development"], ["created_at", "2020-07-10 21:10:25.737852"], ["updated_at", "2020-07-10 21:10:25.737852"]]
  ↳ bin/rails:9
  [1m[35m (1.1ms)[0m  [1m[35mCOMMIT[0m
  ↳ bin/rails:9
  [1m[35m (0.4ms)[0m  [1m[34mSELECT pg_advisory_unlock(53163498002402445)[0m
  ↳ bin/rails:9
  [1m[35m (1.5ms)[0m  [1m[34mSELECT "schema_migrations"."version" FROM "schema_migrations" ORDER BY "schema_migrations"."version" ASC[0m
  ↳ bin/rails:9
  [1m[35m (2.4ms)[0m  [1m[34mSELECT "schema_migrations"."version" FROM "schema_migrations" ORDER BY "schema_migrations"."version" ASC[0m
  ↳ bin/rails:9
  [1m[36mCat Load (2.5ms)[0m  [1m[34mSELECT "cats".* FROM "cats"[0m
  ↳ db/seeds.rb:8
  [1m[35m (0.2ms)[0m  [1m[35mBEGIN[0m
  ↳ db/seeds.rb:9
  [1m[36mCat Create (5.6ms)[0m  [1m[32mINSERT INTO "cats" ("birth_date", "color", "name", "sex", "description", "created_at", "updated_at") VALUES ($1, $2, $3, $4, $5, $6, $7) RETURNING "id"[0m  [["birth_date", "1965-01-20"], ["color", "orange"], ["name", "John"], ["sex", "M"], ["description", "I love boxes."], ["created_at", "2020-07-10 22:08:00.804431"], ["updated_at", "2020-07-10 22:08:00.804431"]]
  ↳ db/seeds.rb:9
  [1m[35m (1.3ms)[0m  [1m[35mCOMMIT[0m
  ↳ db/seeds.rb:9
  [1m[35m (0.2ms)[0m  [1m[35mBEGIN[0m
  ↳ db/seeds.rb:10
  [1m[36mCat Create (0.5ms)[0m  [1m[32mINSERT INTO "cats" ("birth_date", "color", "name", "sex", "description", "created_at", "updated_at") VALUES ($1, $2, $3, $4, $5, $6, $7) RETURNING "id"[0m  [["birth_date", "2015-01-12"], ["color", "black"], ["name", "Paws"], ["sex", "F"], ["description", "Hooooman"], ["created_at", "2020-07-10 22:08:00.816730"], ["updated_at", "2020-07-10 22:08:00.816730"]]
  ↳ db/seeds.rb:10
  [1m[35m (1.2ms)[0m  [1m[35mCOMMIT[0m
  ↳ db/seeds.rb:10
  [1m[35m (0.2ms)[0m  [1m[35mBEGIN[0m
  ↳ db/seeds.rb:11
  [1m[36mCat Create (0.4ms)[0m  [1m[32mINSERT INTO "cats" ("birth_date", "color", "name", "sex", "description", "created_at", "updated_at") VALUES ($1, $2, $3, $4, $5, $6, $7) RETURNING "id"[0m  [["birth_date", "2019-12-20"], ["color", "white"], ["name", "Larry"], ["sex", "M"], ["description", "Coding Champ"], ["created_at", "2020-07-10 22:08:00.820910"], ["updated_at", "2020-07-10 22:08:00.820910"]]
  ↳ db/seeds.rb:11
  [1m[35m (1.4ms)[0m  [1m[35mCOMMIT[0m
  ↳ db/seeds.rb:11
  [1m[35m (0.2ms)[0m  [1m[35mBEGIN[0m
  ↳ db/seeds.rb:12
  [1m[36mCat Create (0.8ms)[0m  [1m[32mINSERT INTO "cats" ("birth_date", "color", "name", "sex", "description", "created_at", "updated_at") VALUES ($1, $2, $3, $4, $5, $6, $7) RETURNING "id"[0m  [["birth_date", "2020-01-22"], ["color", "yellow"], ["name", "Tiger"], ["sex", "F"], ["description", "Just living my life."], ["created_at", "2020-07-10 22:08:00.825806"], ["updated_at", "2020-07-10 22:08:00.825806"]]
  ↳ db/seeds.rb:12
  [1m[35m (1.3ms)[0m  [1m[35mCOMMIT[0m
  ↳ db/seeds.rb:12
  [1m[35m (0.2ms)[0m  [1m[35mBEGIN[0m
  ↳ db/seeds.rb:13
  [1m[36mCat Create (0.4ms)[0m  [1m[32mINSERT INTO "cats" ("birth_date", "color", "name", "sex", "description", "created_at", "updated_at") VALUES ($1, $2, $3, $4, $5, $6, $7) RETURNING "id"[0m  [["birth_date", "2000-05-20"], ["color", "brown"], ["name", "Mitch"], ["sex", "M"], ["description", "Little lion"], ["created_at", "2020-07-10 22:08:00.831741"], ["updated_at", "2020-07-10 22:08:00.831741"]]
  ↳ db/seeds.rb:13
  [1m[35m (2.1ms)[0m  [1m[35mCOMMIT[0m
  ↳ db/seeds.rb:13
  [1m[35m (0.2ms)[0m  [1m[35mBEGIN[0m
  ↳ db/seeds.rb:14
  [1m[36mCat Create (0.5ms)[0m  [1m[32mINSERT INTO "cats" ("birth_date", "color", "name", "sex", "description", "created_at", "updated_at") VALUES ($1, $2, $3, $4, $5, $6, $7) RETURNING "id"[0m  [["birth_date", "2008-08-18"], ["color", "multicolor"], ["name", "Garry"], ["sex", "M"], ["description", "I am not a cat."], ["created_at", "2020-07-10 22:08:00.838135"], ["updated_at", "2020-07-10 22:08:00.838135"]]
  ↳ db/seeds.rb:14
  [1m[35m (1.3ms)[0m  [1m[35mCOMMIT[0m
  ↳ db/seeds.rb:14
  [1m[35m (0.2ms)[0m  [1m[35mBEGIN[0m
  ↳ db/seeds.rb:15
  [1m[36mCat Create (0.9ms)[0m  [1m[32mINSERT INTO "cats" ("birth_date", "color", "name", "sex", "description", "created_at", "updated_at") VALUES ($1, $2, $3, $4, $5, $6, $7) RETURNING "id"[0m  [["birth_date", "2019-01-10"], ["color", "white"], ["name", "Chelsea"], ["sex", "F"], ["description", "I always land on my feet"], ["created_at", "2020-07-10 22:08:00.842806"], ["updated_at", "2020-07-10 22:08:00.842806"]]
  ↳ db/seeds.rb:15
  [1m[35m (1.3ms)[0m  [1m[35mCOMMIT[0m
  ↳ db/seeds.rb:15
Started GET "/" for ::1 at 2020-07-10 15:11:22 -0700
  [1m[35m (1.4ms)[0m  [1m[34mSELECT "schema_migrations"."version" FROM "schema_migrations" ORDER BY "schema_migrations"."version" ASC[0m
  ↳ /Users/israelgonzalez/.rbenv/versions/2.5.1/lib/ruby/gems/2.5.0/gems/activerecord-5.2.4.3/lib/active_record/log_subscriber.rb:98
Processing by Rails::WelcomeController#index as HTML
  Rendering /Users/israelgonzalez/.rbenv/versions/2.5.1/lib/ruby/gems/2.5.0/gems/railties-5.2.4.3/lib/rails/templates/rails/welcome/index.html.erb
  Rendered /Users/israelgonzalez/.rbenv/versions/2.5.1/lib/ruby/gems/2.5.0/gems/railties-5.2.4.3/lib/rails/templates/rails/welcome/index.html.erb (12.8ms)
Completed 200 OK in 55ms (Views: 30.8ms | ActiveRecord: 0.0ms)


Started GET "/cats" for ::1 at 2020-07-10 15:11:34 -0700
Processing by CatsController#index as HTML
Completed 500 Internal Server Error in 46ms (ActiveRecord: 0.0ms)



ActionView::MissingTemplate - Missing template cats/index, application/index with {:locale=>[:en], :formats=>[:html], :variants=>[], :handlers=>[:raw, :erb, :html, :builder, :ruby, :coffee, :jbuilder]}. Searched in:
  * "/Users/israelgonzalez/Desktop/aa_classwork/week6/ALotOfCats/app/views"
:
  app/controllers/cats_controller.rb:4:in `index'

Started POST "/__better_errors/c410917ac4dfa8c5/variables" for ::1 at 2020-07-10 15:11:34 -0700
  [1m[36mCat Load (15.4ms)[0m  [1m[34mSELECT  "cats".* FROM "cats" LIMIT $1[0m  [["LIMIT", 11]]
  ↳ /Users/israelgonzalez/.rbenv/versions/2.5.1/lib/ruby/gems/2.5.0/gems/activerecord-5.2.4.3/lib/active_record/log_subscriber.rb:98
Started GET "/cats" for ::1 at 2020-07-10 15:13:33 -0700
Processing by CatsController#index as HTML
  Rendering cats/index.html.erb within layouts/application
  Rendered cats/index.html.erb within layouts/application (0.7ms)
Completed 200 OK in 2164ms (Views: 2163.1ms | ActiveRecord: 0.0ms)


Started GET "/cats" for ::1 at 2020-07-10 15:13:40 -0700
Processing by CatsController#index as HTML
  Rendering cats/index.html.erb within layouts/application
  Rendered cats/index.html.erb within layouts/application (1.1ms)
Completed 200 OK in 19ms (Views: 17.2ms | ActiveRecord: 0.0ms)


Started GET "/cats" for ::1 at 2020-07-10 15:25:16 -0700
Processing by CatsController#index as HTML
  Rendering cats/index.html.erb within layouts/application
  Rendered cats/index.html.erb within layouts/application (23.2ms)
Completed 500 Internal Server Error in 48ms (ActiveRecord: 0.0ms)



ActionView::Template::Error - No route matches {:action=>"show", :controller=>"cats", :id=>nil}, missing required keys: [:id]:
  app/views/cats/index.html.erb:3:in `view template'
  app/controllers/cats_controller.rb:4:in `index'

Started POST "/__better_errors/ba182bfba61de302/variables" for ::1 at 2020-07-10 15:25:16 -0700
  [1m[36mCat Load (0.7ms)[0m  [1m[34mSELECT  "cats".* FROM "cats" LIMIT $1[0m  [["LIMIT", 11]]
  ↳ /Users/israelgonzalez/.rbenv/versions/2.5.1/lib/ruby/gems/2.5.0/gems/activerecord-5.2.4.3/lib/active_record/log_subscriber.rb:98
Started GET "/cats" for ::1 at 2020-07-10 15:26:47 -0700
Processing by CatsController#index as HTML
  Rendering cats/index.html.erb within layouts/application
  Rendered cats/index.html.erb within layouts/application (1.8ms)
Completed 500 Internal Server Error in 29ms (ActiveRecord: 0.0ms)



SyntaxError - syntax error, unexpected '\n', expecting keyword_do_LAMBDA or tLAMBEG
/Users/israelgonzalez/Desktop/aa_classwork/week6/ALotOfCats/app/views/cats/index.html.erb:10: syntax error, unexpected '<'
        <ul>
        ^
/Users/israelgonzalez/Desktop/aa_classwork/week6/ALotOfCats/app/views/cats/index.html.erb:12: unknown regexp option - l
/Users/israelgonzalez/Desktop/aa_classwork/week6/ALotOfCats/app/views/cats/index.html.erb:13: syntax error, unexpected '<'
              <li>'.freeze;@output_buffer.ap...
              ^
/Users/israelgonzalez/Desktop/aa_classwork/week6/ALotOfCats/app/views/cats/index.html.erb:14: unknown regexp option - l
/Users/israelgonzalez/Desktop/aa_classwork/week6/ALotOfCats/app/views/cats/index.html.erb:15: syntax error, unexpected '<'
                <li>'.freeze;@output_buffer.ap...
                ^
/Users/israelgonzalez/Desktop/aa_classwork/week6/ALotOfCats/app/views/cats/index.html.erb:16: unknown regexp option - l
/Users/israelgonzalez/Desktop/aa_classwork/week6/ALotOfCats/app/views/cats/index.html.erb:17: syntax error, unexpected '<'
    </li>
    ^
/Users/israelgonzalez/Desktop/aa_classwork/week6/ALotOfCats/app/views/cats/index.html.erb:19: unknown regexp option - l
/Users/israelgonzalez/Desktop/aa_classwork/week6/ALotOfCats/app/views/cats/index.html.erb:23: unterminated string meets end of file
          end
             ^
/Users/israelgonzalez/Desktop/aa_classwork/week6/ALotOfCats/app/views/cats/index.html.erb:23: syntax error, unexpected end-of-input, expecting ')'
          end
             ^:
  app/views/cats/index.html.erb:5:in `'
  app/controllers/cats_controller.rb:4:in `index'

Started POST "/__better_errors/b71b110dc0eb6ca3/variables" for ::1 at 2020-07-10 15:26:48 -0700
  [1m[36mCat Load (0.3ms)[0m  [1m[34mSELECT  "cats".* FROM "cats" LIMIT $1[0m  [["LIMIT", 11]]
  ↳ /Users/israelgonzalez/.rbenv/versions/2.5.1/lib/ruby/gems/2.5.0/gems/activerecord-5.2.4.3/lib/active_record/log_subscriber.rb:98
Started GET "/cats" for ::1 at 2020-07-10 15:27:18 -0700
Processing by CatsController#index as HTML
  Rendering cats/index.html.erb within layouts/application
  [1m[36mCat Load (0.5ms)[0m  [1m[34mSELECT "cats".* FROM "cats"[0m
  ↳ app/views/cats/index.html.erb:5
  Rendered cats/index.html.erb within layouts/application (4.0ms)
Completed 200 OK in 37ms (Views: 33.6ms | ActiveRecord: 0.5ms)


Started GET "/cats" for ::1 at 2020-07-10 16:19:51 -0700
Processing by CatsController#index as HTML
  Rendering cats/index.html.erb within layouts/application
  [1m[36mCat Load (1.8ms)[0m  [1m[34mSELECT "cats".* FROM "cats"[0m
  ↳ app/views/cats/index.html.erb:7
  Rendered cats/index.html.erb within layouts/application (86.0ms)
Completed 200 OK in 168ms (Views: 114.3ms | ActiveRecord: 24.9ms)


Started GET "/cats/1" for ::1 at 2020-07-10 16:19:54 -0700
Processing by CatsController#show as HTML
  Parameters: {"id"=>"1"}
  [1m[36mCat Load (0.6ms)[0m  [1m[34mSELECT  "cats".* FROM "cats" WHERE "cats"."id" = $1 LIMIT $2[0m  [["id", 1], ["LIMIT", 1]]
  ↳ app/controllers/cats_controller.rb:8
  Rendering cats/show.html.erb within layouts/application
  Rendered cats/show.html.erb within layouts/application (26.4ms)
Completed 200 OK in 59ms (Views: 44.4ms | ActiveRecord: 1.0ms)


Started GET "/cats" for ::1 at 2020-07-10 16:20:01 -0700
Processing by CatsController#index as HTML
  Rendering cats/index.html.erb within layouts/application
  [1m[36mCat Load (4.6ms)[0m  [1m[34mSELECT "cats".* FROM "cats"[0m
  ↳ app/views/cats/index.html.erb:7
  Rendered cats/index.html.erb within layouts/application (12.5ms)
Completed 200 OK in 49ms (Views: 43.0ms | ActiveRecord: 4.6ms)


Started GET "/cats/1" for ::1 at 2020-07-10 16:20:02 -0700
Processing by CatsController#show as HTML
  Parameters: {"id"=>"1"}
  [1m[36mCat Load (2.5ms)[0m  [1m[34mSELECT  "cats".* FROM "cats" WHERE "cats"."id" = $1 LIMIT $2[0m  [["id", 1], ["LIMIT", 1]]
  ↳ app/controllers/cats_controller.rb:8
  Rendering cats/show.html.erb within layouts/application
  Rendered cats/show.html.erb within layouts/application (3.4ms)
Completed 200 OK in 36ms (Views: 28.5ms | ActiveRecord: 2.5ms)


Started GET "/cats" for ::1 at 2020-07-10 16:20:10 -0700
Processing by CatsController#index as HTML
  Rendering cats/index.html.erb within layouts/application
  [1m[36mCat Load (3.8ms)[0m  [1m[34mSELECT "cats".* FROM "cats"[0m
  ↳ app/views/cats/index.html.erb:7
  Rendered cats/index.html.erb within layouts/application (10.2ms)
Completed 200 OK in 41ms (Views: 35.8ms | ActiveRecord: 3.8ms)


Started GET "/cats/1" for ::1 at 2020-07-10 16:20:14 -0700
Processing by CatsController#show as HTML
  Parameters: {"id"=>"1"}
  [1m[36mCat Load (5.2ms)[0m  [1m[34mSELECT  "cats".* FROM "cats" WHERE "cats"."id" = $1 LIMIT $2[0m  [["id", 1], ["LIMIT", 1]]
  ↳ app/controllers/cats_controller.rb:8
  Rendering cats/show.html.erb within layouts/application
  Rendered cats/show.html.erb within layouts/application (1.8ms)
Completed 200 OK in 32ms (Views: 24.3ms | ActiveRecord: 5.2ms)


Started GET "/cats/1" for ::1 at 2020-07-10 16:22:16 -0700
Processing by CatsController#show as HTML
  Parameters: {"id"=>"1"}
  [1m[36mCat Load (3.5ms)[0m  [1m[34mSELECT  "cats".* FROM "cats" WHERE "cats"."id" = $1 LIMIT $2[0m  [["id", 1], ["LIMIT", 1]]
  ↳ app/controllers/cats_controller.rb:8
  Rendering cats/show.html.erb within layouts/application
  Rendered cats/show.html.erb within layouts/application (1.1ms)
Completed 200 OK in 48ms (Views: 34.9ms | ActiveRecord: 3.5ms)


Started GET "/cats" for ::1 at 2020-07-10 16:22:31 -0700
Processing by CatsController#index as HTML
  Rendering cats/index.html.erb within layouts/application
  [1m[36mCat Load (0.8ms)[0m  [1m[34mSELECT "cats".* FROM "cats"[0m
  ↳ app/views/cats/index.html.erb:8
  Rendered cats/index.html.erb within layouts/application (7.5ms)
Completed 200 OK in 40ms (Views: 38.5ms | ActiveRecord: 0.8ms)


Started GET "/cats/2" for ::1 at 2020-07-10 16:22:33 -0700
Processing by CatsController#show as HTML
  Parameters: {"id"=>"2"}
  [1m[36mCat Load (0.5ms)[0m  [1m[34mSELECT  "cats".* FROM "cats" WHERE "cats"."id" = $1 LIMIT $2[0m  [["id", 2], ["LIMIT", 1]]
  ↳ app/controllers/cats_controller.rb:8
  Rendering cats/show.html.erb within layouts/application
  Rendered cats/show.html.erb within layouts/application (1.0ms)
Completed 200 OK in 27ms (Views: 24.3ms | ActiveRecord: 0.5ms)


Started GET "/cats" for ::1 at 2020-07-10 16:22:35 -0700
Processing by CatsController#index as HTML
  Rendering cats/index.html.erb within layouts/application
  [1m[36mCat Load (0.6ms)[0m  [1m[34mSELECT "cats".* FROM "cats"[0m
  ↳ app/views/cats/index.html.erb:8
  Rendered cats/index.html.erb within layouts/application (6.3ms)
Completed 200 OK in 28ms (Views: 26.2ms | ActiveRecord: 0.6ms)


Started GET "/cats/5" for ::1 at 2020-07-10 16:22:38 -0700
Processing by CatsController#show as HTML
  Parameters: {"id"=>"5"}
  [1m[36mCat Load (0.9ms)[0m  [1m[34mSELECT  "cats".* FROM "cats" WHERE "cats"."id" = $1 LIMIT $2[0m  [["id", 5], ["LIMIT", 1]]
  ↳ app/controllers/cats_controller.rb:8
  Rendering cats/show.html.erb within layouts/application
  Rendered cats/show.html.erb within layouts/application (1.8ms)
Completed 200 OK in 35ms (Views: 31.4ms | ActiveRecord: 0.9ms)


Started GET "/cats/5" for ::1 at 2020-07-10 16:23:06 -0700
Processing by CatsController#show as HTML
  Parameters: {"id"=>"5"}
  [1m[36mCat Load (0.4ms)[0m  [1m[34mSELECT  "cats".* FROM "cats" WHERE "cats"."id" = $1 LIMIT $2[0m  [["id", 5], ["LIMIT", 1]]
  ↳ app/controllers/cats_controller.rb:8
  Rendering cats/show.html.erb within layouts/application
  Rendered cats/show.html.erb within layouts/application (1.9ms)
Completed 200 OK in 33ms (Views: 28.9ms | ActiveRecord: 0.4ms)


Started GET "/cats/5" for ::1 at 2020-07-10 16:23:14 -0700
Processing by CatsController#show as HTML
  Parameters: {"id"=>"5"}
  [1m[36mCat Load (0.5ms)[0m  [1m[34mSELECT  "cats".* FROM "cats" WHERE "cats"."id" = $1 LIMIT $2[0m  [["id", 5], ["LIMIT", 1]]
  ↳ app/controllers/cats_controller.rb:8
  Rendering cats/show.html.erb within layouts/application
  Rendered cats/show.html.erb within layouts/application (1.3ms)
Completed 200 OK in 26ms (Views: 21.6ms | ActiveRecord: 0.5ms)


Started GET "/cats" for ::1 at 2020-07-10 16:23:30 -0700
Processing by CatsController#index as HTML
  Rendering cats/index.html.erb within layouts/application
  [1m[36mCat Load (1.1ms)[0m  [1m[34mSELECT "cats".* FROM "cats"[0m
  ↳ app/views/cats/index.html.erb:8
  Rendered cats/index.html.erb within layouts/application (11.5ms)
Completed 200 OK in 27ms (Views: 24.7ms | ActiveRecord: 1.1ms)


Started GET "/cats/3" for ::1 at 2020-07-10 16:23:40 -0700
Processing by CatsController#show as HTML
  Parameters: {"id"=>"3"}
  [1m[36mCat Load (0.7ms)[0m  [1m[34mSELECT  "cats".* FROM "cats" WHERE "cats"."id" = $1 LIMIT $2[0m  [["id", 3], ["LIMIT", 1]]
  ↳ app/controllers/cats_controller.rb:8
  Rendering cats/show.html.erb within layouts/application
  Rendered cats/show.html.erb within layouts/application (2.5ms)
Completed 200 OK in 39ms (Views: 35.0ms | ActiveRecord: 0.7ms)


Started GET "/cats" for ::1 at 2020-07-10 16:23:45 -0700
Processing by CatsController#index as HTML
  Rendering cats/index.html.erb within layouts/application
  [1m[36mCat Load (3.9ms)[0m  [1m[34mSELECT "cats".* FROM "cats"[0m
  ↳ app/views/cats/index.html.erb:8
  Rendered cats/index.html.erb within layouts/application (7.7ms)
Completed 200 OK in 28ms (Views: 22.9ms | ActiveRecord: 3.9ms)


Started GET "/cats/6" for ::1 at 2020-07-10 16:23:49 -0700
Processing by CatsController#show as HTML
  Parameters: {"id"=>"6"}
  [1m[36mCat Load (1.4ms)[0m  [1m[34mSELECT  "cats".* FROM "cats" WHERE "cats"."id" = $1 LIMIT $2[0m  [["id", 6], ["LIMIT", 1]]
  ↳ app/controllers/cats_controller.rb:8
  Rendering cats/show.html.erb within layouts/application
  Rendered cats/show.html.erb within layouts/application (1.2ms)
Completed 200 OK in 30ms (Views: 25.8ms | ActiveRecord: 1.4ms)


Started GET "/cats" for ::1 at 2020-07-10 16:23:51 -0700
Processing by CatsController#index as HTML
  Rendering cats/index.html.erb within layouts/application
  [1m[36mCat Load (0.9ms)[0m  [1m[34mSELECT "cats".* FROM "cats"[0m
  ↳ app/views/cats/index.html.erb:8
  Rendered cats/index.html.erb within layouts/application (6.9ms)
Completed 200 OK in 35ms (Views: 33.7ms | ActiveRecord: 0.9ms)


Started GET "/cats/7" for ::1 at 2020-07-10 16:23:59 -0700
Processing by CatsController#show as HTML
  Parameters: {"id"=>"7"}
  [1m[36mCat Load (1.0ms)[0m  [1m[34mSELECT  "cats".* FROM "cats" WHERE "cats"."id" = $1 LIMIT $2[0m  [["id", 7], ["LIMIT", 1]]
  ↳ app/controllers/cats_controller.rb:8
  Rendering cats/show.html.erb within layouts/application
  Rendered cats/show.html.erb within layouts/application (2.7ms)
Completed 200 OK in 32ms (Views: 26.9ms | ActiveRecord: 1.0ms)


Started GET "/cats" for ::1 at 2020-07-10 16:24:01 -0700
Processing by CatsController#index as HTML
  Rendering cats/index.html.erb within layouts/application
  [1m[36mCat Load (0.4ms)[0m  [1m[34mSELECT "cats".* FROM "cats"[0m
  ↳ app/views/cats/index.html.erb:8
  Rendered cats/index.html.erb within layouts/application (4.6ms)
Completed 200 OK in 35ms (Views: 33.6ms | ActiveRecord: 0.4ms)


Started GET "/cats" for ::1 at 2020-07-10 16:24:54 -0700
Processing by CatsController#index as HTML
  Rendering cats/index.html.erb within layouts/application
  [1m[36mCat Load (0.4ms)[0m  [1m[34mSELECT "cats".* FROM "cats"[0m
  ↳ app/views/cats/index.html.erb:8
  Rendered cats/index.html.erb within layouts/application (4.0ms)
Completed 200 OK in 26ms (Views: 24.7ms | ActiveRecord: 0.4ms)


Started GET "/cats/1" for ::1 at 2020-07-10 16:24:55 -0700
Processing by CatsController#show as HTML
  Parameters: {"id"=>"1"}
  [1m[36mCat Load (5.2ms)[0m  [1m[34mSELECT  "cats".* FROM "cats" WHERE "cats"."id" = $1 LIMIT $2[0m  [["id", 1], ["LIMIT", 1]]
  ↳ app/controllers/cats_controller.rb:8
  Rendering cats/show.html.erb within layouts/application
  Rendered cats/show.html.erb within layouts/application (1.5ms)
Completed 200 OK in 42ms (Views: 33.8ms | ActiveRecord: 5.2ms)


Started GET "/cats" for ::1 at 2020-07-10 16:25:07 -0700
Processing by CatsController#index as HTML
  Rendering cats/index.html.erb within layouts/application
  [1m[36mCat Load (0.8ms)[0m  [1m[34mSELECT "cats".* FROM "cats"[0m
  ↳ app/views/cats/index.html.erb:8
  Rendered cats/index.html.erb within layouts/application (9.7ms)
Completed 200 OK in 36ms (Views: 33.2ms | ActiveRecord: 0.8ms)


Started GET "/cats/2" for ::1 at 2020-07-10 16:25:11 -0700
Processing by CatsController#show as HTML
  Parameters: {"id"=>"2"}
  [1m[36mCat Load (0.3ms)[0m  [1m[34mSELECT  "cats".* FROM "cats" WHERE "cats"."id" = $1 LIMIT $2[0m  [["id", 2], ["LIMIT", 1]]
  ↳ app/controllers/cats_controller.rb:8
  Rendering cats/show.html.erb within layouts/application
  Rendered cats/show.html.erb within layouts/application (4.6ms)
Completed 200 OK in 32ms (Views: 30.1ms | ActiveRecord: 0.3ms)


Started GET "/cats" for ::1 at 2020-07-10 16:25:15 -0700
Processing by CatsController#index as HTML
  Rendering cats/index.html.erb within layouts/application
  [1m[36mCat Load (0.5ms)[0m  [1m[34mSELECT "cats".* FROM "cats"[0m
  ↳ app/views/cats/index.html.erb:8
  Rendered cats/index.html.erb within layouts/application (4.9ms)
Completed 200 OK in 26ms (Views: 24.3ms | ActiveRecord: 0.5ms)


Started GET "/cats/7" for ::1 at 2020-07-10 16:25:18 -0700
Processing by CatsController#show as HTML
  Parameters: {"id"=>"7"}
  [1m[36mCat Load (0.3ms)[0m  [1m[34mSELECT  "cats".* FROM "cats" WHERE "cats"."id" = $1 LIMIT $2[0m  [["id", 7], ["LIMIT", 1]]
  ↳ app/controllers/cats_controller.rb:8
  Rendering cats/show.html.erb within layouts/application
  Rendered cats/show.html.erb within layouts/application (4.3ms)
Completed 200 OK in 41ms (Views: 38.4ms | ActiveRecord: 0.3ms)


Started GET "/cats/7" for ::1 at 2020-07-10 16:43:38 -0700
Processing by CatsController#show as HTML
  Parameters: {"id"=>"7"}
  [1m[36mCat Load (2.5ms)[0m  [1m[34mSELECT  "cats".* FROM "cats" WHERE "cats"."id" = $1 LIMIT $2[0m  [["id", 7], ["LIMIT", 1]]
  ↳ app/controllers/cats_controller.rb:8
  Rendering cats/show.html.erb within layouts/application
  Rendered cats/show.html.erb within layouts/application (2.6ms)
Completed 200 OK in 83ms (Views: 25.7ms | ActiveRecord: 13.6ms)


Started GET "/cats" for ::1 at 2020-07-10 16:43:41 -0700
Processing by CatsController#index as HTML
  Rendering cats/index.html.erb within layouts/application
  [1m[36mCat Load (0.5ms)[0m  [1m[34mSELECT "cats".* FROM "cats"[0m
  ↳ app/views/cats/index.html.erb:8
  Rendered cats/index.html.erb within layouts/application (9.0ms)
Completed 200 OK in 31ms (Views: 29.5ms | ActiveRecord: 0.5ms)


Started GET "/cats/new" for ::1 at 2020-07-10 16:43:55 -0700
Processing by CatsController#new as HTML
  Rendering cats/new.html.erb within layouts/application
  Rendered cats/new.html.erb within layouts/application (11.2ms)
Completed 500 Internal Server Error in 30ms (ActiveRecord: 0.0ms)



ActionView::Template::Error - No route matches {:action=>"show", :controller=>"cats"}, missing required keys: [:id]:
  app/views/cats/new.html.erb:4:in `view template'
  app/controllers/cats_controller.rb:14:in `new'

Started POST "/__better_errors/488086daecd48c91/variables" for ::1 at 2020-07-10 16:43:55 -0700
Started GET "/cats/new" for ::1 at 2020-07-10 16:49:45 -0700
Processing by CatsController#new as HTML
  Rendering cats/new.html.erb within layouts/application
  Rendered cats/new.html.erb within layouts/application (1.1ms)
Completed 200 OK in 29ms (Views: 28.4ms | ActiveRecord: 0.0ms)


Started GET "/cats/new" for ::1 at 2020-07-10 16:49:57 -0700
Processing by CatsController#new as HTML
  Rendering cats/new.html.erb within layouts/application
  Rendered cats/new.html.erb within layouts/application (1.1ms)
Completed 200 OK in 24ms (Views: 22.2ms | ActiveRecord: 0.0ms)


Started GET "/cats/new" for ::1 at 2020-07-10 16:50:16 -0700
Processing by CatsController#new as HTML
  Rendering cats/new.html.erb within layouts/application
  Rendered cats/new.html.erb within layouts/application (1.1ms)
Completed 200 OK in 42ms (Views: 39.7ms | ActiveRecord: 0.0ms)


Started POST "/cats" for ::1 at 2020-07-10 16:50:24 -0700
Processing by CatsController#create as HTML
  Parameters: {"cat"=>{"name"=>"Harrrry"}}
Completed 500 Internal Server Error in 326ms (ActiveRecord: 0.0ms)



NameError - undefined local variable or method `cat_params' for #<CatsController:0x00007f8accd4b918>
Did you mean?  cats_params:
  app/controllers/cats_controller.rb:18:in `create'

Started POST "/__better_errors/2016abe453dbe615/variables" for ::1 at 2020-07-10 16:50:25 -0700
Started POST "/cats" for ::1 at 2020-07-10 16:50:32 -0700
Processing by CatsController#create as HTML
  Parameters: {"cat"=>{"name"=>"Harrrry"}}
Completed 500 Internal Server Error in 442ms (ActiveRecord: 0.0ms)



NameError - undefined local variable or method `cat_params' for #<CatsController:0x00007f8ac97a8e78>
Did you mean?  cats_params:
  app/controllers/cats_controller.rb:18:in `create'

Started POST "/__better_errors/9508635d60b6ec8a/variables" for ::1 at 2020-07-10 16:50:32 -0700
Started GET "/cats/new" for ::1 at 2020-07-10 16:50:40 -0700
Processing by CatsController#new as HTML
  Rendering cats/new.html.erb within layouts/application
  Rendered cats/new.html.erb within layouts/application (0.9ms)
Completed 200 OK in 50ms (Views: 45.9ms | ActiveRecord: 0.0ms)


