  [1m[35m (248.8ms)[0m  [1m[35mCREATE DATABASE "RedditClone_development" ENCODING = 'unicode'[0m
  ↳ bin/rails:9
  [1m[35m (98.8ms)[0m  [1m[35mCREATE DATABASE "RedditClone_test" ENCODING = 'unicode'[0m
  ↳ bin/rails:9
  [1m[35m (34.6ms)[0m  [1m[35mCREATE TABLE "schema_migrations" ("version" character varying NOT NULL PRIMARY KEY)[0m
  ↳ bin/rails:9
  [1m[35m (4.3ms)[0m  [1m[35mCREATE TABLE "ar_internal_metadata" ("key" character varying NOT NULL PRIMARY KEY, "value" character varying, "created_at" timestamp NOT NULL, "updated_at" timestamp NOT NULL)[0m
  ↳ bin/rails:9
  [1m[35m (1.0ms)[0m  [1m[34mSELECT pg_try_advisory_lock(6711173107426626090)[0m
  ↳ bin/rails:9
  [1m[35m (0.7ms)[0m  [1m[34mSELECT "schema_migrations"."version" FROM "schema_migrations" ORDER BY "schema_migrations"."version" ASC[0m
  ↳ bin/rails:9
Migrating to CreateUsers (20200720164644)
  [1m[35m (0.1ms)[0m  [1m[35mBEGIN[0m
  ↳ bin/rails:9
  [1m[35m (17.0ms)[0m  [1m[35mCREATE TABLE "users" ("id" bigserial primary key, "name" character varying NOT NULL, "password_digest" character varying NOT NULL, "session_token" character varying NOT NULL, "created_at" timestamp NOT NULL, "updated_at" timestamp NOT NULL)[0m
  ↳ db/migrate/20200720164644_create_users.rb:3
  [1m[35m (1.2ms)[0m  [1m[35mCREATE UNIQUE INDEX  "index_users_on_name" ON "users"  ("name")[0m
  ↳ db/migrate/20200720164644_create_users.rb:10
  [1m[36mActiveRecord::SchemaMigration Create (0.8ms)[0m  [1m[32mINSERT INTO "schema_migrations" ("version") VALUES ($1) RETURNING "version"[0m  [["version", "20200720164644"]]
  ↳ bin/rails:9
  [1m[35m (1.3ms)[0m  [1m[35mCOMMIT[0m
  ↳ bin/rails:9
  [1m[36mActiveRecord::InternalMetadata Load (1.0ms)[0m  [1m[34mSELECT  "ar_internal_metadata".* FROM "ar_internal_metadata" WHERE "ar_internal_metadata"."key" = $1 LIMIT $2[0m  [["key", "environment"], ["LIMIT", 1]]
  ↳ bin/rails:9
  [1m[35m (0.1ms)[0m  [1m[35mBEGIN[0m
  ↳ bin/rails:9
  [1m[36mActiveRecord::InternalMetadata Create (0.5ms)[0m  [1m[32mINSERT INTO "ar_internal_metadata" ("key", "value", "created_at", "updated_at") VALUES ($1, $2, $3, $4) RETURNING "key"[0m  [["key", "environment"], ["value", "development"], ["created_at", "2020-07-20 16:49:56.290561"], ["updated_at", "2020-07-20 16:49:56.290561"]]
  ↳ bin/rails:9
  [1m[35m (0.5ms)[0m  [1m[35mCOMMIT[0m
  ↳ bin/rails:9
  [1m[35m (0.2ms)[0m  [1m[34mSELECT pg_advisory_unlock(6711173107426626090)[0m
  ↳ bin/rails:9
  [1m[35m (0.2ms)[0m  [1m[34mSELECT "schema_migrations"."version" FROM "schema_migrations" ORDER BY "schema_migrations"."version" ASC[0m
  ↳ bin/rails:9
  [1m[35m (0.7ms)[0m  [1m[34mSELECT "schema_migrations"."version" FROM "schema_migrations" ORDER BY "schema_migrations"."version" ASC[0m
  ↳ /Users/anyahirota/.rbenv/versions/2.5.1/bin/annotate:23
  [1m[35m (0.2ms)[0m  [1m[35mBEGIN[0m
  [1m[36mUser Exists (2.6ms)[0m  [1m[34mSELECT  1 AS one FROM "users" WHERE "users"."name" = $1 LIMIT $2[0m  [["name", "vanessa"], ["LIMIT", 1]]
  [1m[36mUser Exists (0.4ms)[0m  [1m[34mSELECT  1 AS one FROM "users" WHERE "users"."session_token" = $1 LIMIT $2[0m  [["session_token", "T2xd4X-MFGeQ1wWPwej6qg"], ["LIMIT", 1]]
  [1m[36mUser Create (2.3ms)[0m  [1m[32mINSERT INTO "users" ("name", "password_digest", "session_token", "created_at", "updated_at") VALUES ($1, $2, $3, $4, $5) RETURNING "id"[0m  [["name", "vanessa"], ["password_digest", "$2a$12$8DRO6H9oYZAG3t7mfDvbNebH4jPF1DGIYNdqdXTDfezr7mLx7poIS"], ["session_token", "T2xd4X-MFGeQ1wWPwej6qg"], ["created_at", "2020-07-20 17:24:01.933214"], ["updated_at", "2020-07-20 17:24:01.933214"]]
  [1m[35m (6.8ms)[0m  [1m[35mCOMMIT[0m
Started GET "/" for ::1 at 2020-07-20 10:41:58 -0700
  [1m[35m (0.7ms)[0m  [1m[34mSELECT "schema_migrations"."version" FROM "schema_migrations" ORDER BY "schema_migrations"."version" ASC[0m
  ↳ /Users/anyahirota/.rbenv/versions/2.5.1/lib/ruby/gems/2.5.0/gems/activerecord-5.2.4.3/lib/active_record/log_subscriber.rb:98
Processing by Rails::WelcomeController#index as HTML
  Rendering /Users/anyahirota/.rbenv/versions/2.5.1/lib/ruby/gems/2.5.0/gems/railties-5.2.4.3/lib/rails/templates/rails/welcome/index.html.erb
  Rendered /Users/anyahirota/.rbenv/versions/2.5.1/lib/ruby/gems/2.5.0/gems/railties-5.2.4.3/lib/rails/templates/rails/welcome/index.html.erb (4.8ms)
Completed 200 OK in 45ms (Views: 19.9ms | ActiveRecord: 0.0ms)


Started GET "/users" for ::1 at 2020-07-20 10:42:07 -0700
  
ActionController::RoutingError (No route matches [GET] "/users"):
  
actionpack (5.2.4.3) lib/action_dispatch/middleware/debug_exceptions.rb:65:in `call'
web-console (3.7.0) lib/web_console/middleware.rb:135:in `call_app'
web-console (3.7.0) lib/web_console/middleware.rb:30:in `block in call'
web-console (3.7.0) lib/web_console/middleware.rb:20:in `catch'
web-console (3.7.0) lib/web_console/middleware.rb:20:in `call'
actionpack (5.2.4.3) lib/action_dispatch/middleware/show_exceptions.rb:33:in `call'
railties (5.2.4.3) lib/rails/rack/logger.rb:38:in `call_app'
railties (5.2.4.3) lib/rails/rack/logger.rb:26:in `block in call'
activesupport (5.2.4.3) lib/active_support/tagged_logging.rb:71:in `block in tagged'
activesupport (5.2.4.3) lib/active_support/tagged_logging.rb:28:in `tagged'
activesupport (5.2.4.3) lib/active_support/tagged_logging.rb:71:in `tagged'
railties (5.2.4.3) lib/rails/rack/logger.rb:26:in `call'
sprockets-rails (3.2.1) lib/sprockets/rails/quiet_assets.rb:13:in `call'
actionpack (5.2.4.3) lib/action_dispatch/middleware/remote_ip.rb:81:in `call'
actionpack (5.2.4.3) lib/action_dispatch/middleware/request_id.rb:27:in `call'
rack (2.2.3) lib/rack/method_override.rb:24:in `call'
rack (2.2.3) lib/rack/runtime.rb:22:in `call'
activesupport (5.2.4.3) lib/active_support/cache/strategy/local_cache_middleware.rb:29:in `call'
actionpack (5.2.4.3) lib/action_dispatch/middleware/executor.rb:14:in `call'
actionpack (5.2.4.3) lib/action_dispatch/middleware/static.rb:127:in `call'
rack (2.2.3) lib/rack/sendfile.rb:110:in `call'
railties (5.2.4.3) lib/rails/engine.rb:524:in `call'
puma (3.12.6) lib/puma/configuration.rb:227:in `call'
puma (3.12.6) lib/puma/server.rb:706:in `handle_request'
puma (3.12.6) lib/puma/server.rb:476:in `process_client'
puma (3.12.6) lib/puma/server.rb:334:in `block in run'
puma (3.12.6) lib/puma/thread_pool.rb:135:in `block in spawn_thread'
Started GET "/users/new" for ::1 at 2020-07-20 10:43:09 -0700
Processing by UsersController#new as HTML
  [1m[36mUser Load (2.7ms)[0m  [1m[34mSELECT  "users".* FROM "users" WHERE "users"."session_token" IS NULL LIMIT $1[0m  [["LIMIT", 1]]
  ↳ app/controllers/application_controller.rb:3
  Rendering users/new.html.erb within layouts/application
  Rendered users/new.html.erb within layouts/application (1.8ms)
Completed 200 OK in 1066ms (Views: 1009.2ms | ActiveRecord: 21.9ms)


Started GET "/users/new" for ::1 at 2020-07-20 10:46:36 -0700
Processing by UsersController#new as HTML
  [1m[36mUser Load (1.5ms)[0m  [1m[34mSELECT  "users".* FROM "users" WHERE "users"."session_token" IS NULL LIMIT $1[0m  [["LIMIT", 1]]
  ↳ app/controllers/application_controller.rb:3
  Rendering users/new.html.erb within layouts/application
  Rendered users/new.html.erb within layouts/application (1.4ms)
Completed 200 OK in 84ms (Views: 62.0ms | ActiveRecord: 1.5ms)


Started GET "/session/new" for ::1 at 2020-07-20 10:46:39 -0700

SyntaxError - syntax error, unexpected ':', expecting keyword_end
            render: new
                  ^:
  app/controllers/sessions_controller.rb:19:in `'

Started POST "/__better_errors/68ad3be691c95bb8/variables" for ::1 at 2020-07-20 10:46:39 -0700
Started GET "/session/new" for ::1 at 2020-07-20 10:47:33 -0700
Processing by SessionsController#new as HTML
  [1m[36mUser Load (0.3ms)[0m  [1m[34mSELECT  "users".* FROM "users" WHERE "users"."session_token" IS NULL LIMIT $1[0m  [["LIMIT", 1]]
  ↳ app/controllers/application_controller.rb:3
  Rendering sessions/new.html.erb within layouts/application
  Rendered sessions/new.html.erb within layouts/application (0.4ms)
Completed 200 OK in 93ms (Views: 80.4ms | ActiveRecord: 5.7ms)


Started GET "/users/new" for ::1 at 2020-07-20 10:47:37 -0700
Processing by UsersController#new as HTML
  [1m[36mUser Load (3.2ms)[0m  [1m[34mSELECT  "users".* FROM "users" WHERE "users"."session_token" IS NULL LIMIT $1[0m  [["LIMIT", 1]]
  ↳ app/controllers/application_controller.rb:3
  Rendering users/new.html.erb within layouts/application
  Rendered users/new.html.erb within layouts/application (19.4ms)
Completed 200 OK in 215ms (Views: 161.7ms | ActiveRecord: 24.0ms)


Started GET "/users/new" for ::1 at 2020-07-20 10:47:40 -0700
Processing by UsersController#new as HTML
  [1m[36mUser Load (2.2ms)[0m  [1m[34mSELECT  "users".* FROM "users" WHERE "users"."session_token" IS NULL LIMIT $1[0m  [["LIMIT", 1]]
  ↳ app/controllers/application_controller.rb:3
  Rendering users/new.html.erb within layouts/application
  Rendered users/new.html.erb within layouts/application (1.3ms)
Completed 200 OK in 82ms (Views: 74.8ms | ActiveRecord: 2.2ms)


Started GET "/session/new" for ::1 at 2020-07-20 10:47:43 -0700
Processing by SessionsController#new as HTML
  [1m[36mUser Load (6.9ms)[0m  [1m[34mSELECT  "users".* FROM "users" WHERE "users"."session_token" IS NULL LIMIT $1[0m  [["LIMIT", 1]]
  ↳ app/controllers/application_controller.rb:3
  Rendering sessions/new.html.erb within layouts/application
  Rendered sessions/new.html.erb within layouts/application (0.4ms)
Completed 200 OK in 96ms (Views: 87.8ms | ActiveRecord: 6.9ms)


Started GET "/users/new" for ::1 at 2020-07-20 10:52:28 -0700
Processing by UsersController#new as HTML
  [1m[36mUser Load (0.8ms)[0m  [1m[34mSELECT  "users".* FROM "users" WHERE "users"."session_token" IS NULL LIMIT $1[0m  [["LIMIT", 1]]
  ↳ app/controllers/application_controller.rb:3
  Rendering users/new.html.erb within layouts/application
  Rendered users/new.html.erb within layouts/application (0.8ms)
Completed 200 OK in 70ms (Views: 62.0ms | ActiveRecord: 0.8ms)


Started GET "/session/new" for ::1 at 2020-07-20 10:52:31 -0700
Processing by SessionsController#new as HTML
  [1m[36mUser Load (9.0ms)[0m  [1m[34mSELECT  "users".* FROM "users" WHERE "users"."session_token" IS NULL LIMIT $1[0m  [["LIMIT", 1]]
  ↳ app/controllers/application_controller.rb:3
  Rendering sessions/new.html.erb within layouts/application
  Rendered sessions/new.html.erb within layouts/application (7.9ms)
Completed 500 Internal Server Error in 44ms (ActiveRecord: 9.0ms)



ActionView::Template::Error - undefined method `name' for nil:NilClass:
  app/views/sessions/new.html.erb:7:in `view template'
  app/controllers/sessions_controller.rb:5:in `new'

Started POST "/__better_errors/e7341224587cff78/variables" for ::1 at 2020-07-20 10:52:31 -0700
Started GET "/users/new" for ::1 at 2020-07-20 10:53:22 -0700
Processing by UsersController#new as HTML
  [1m[36mUser Load (1.8ms)[0m  [1m[34mSELECT  "users".* FROM "users" WHERE "users"."session_token" IS NULL LIMIT $1[0m  [["LIMIT", 1]]
  ↳ app/controllers/application_controller.rb:3
  Rendering users/new.html.erb within layouts/application
  Rendered users/new.html.erb within layouts/application (1.2ms)
Completed 200 OK in 120ms (Views: 54.8ms | ActiveRecord: 24.8ms)


Started GET "/users/new" for ::1 at 2020-07-20 10:53:25 -0700
Processing by UsersController#new as HTML
  [1m[36mUser Load (0.7ms)[0m  [1m[34mSELECT  "users".* FROM "users" WHERE "users"."session_token" IS NULL LIMIT $1[0m  [["LIMIT", 1]]
  ↳ app/controllers/application_controller.rb:3
  Rendering users/new.html.erb within layouts/application
  Rendered users/new.html.erb within layouts/application (0.8ms)
Completed 200 OK in 121ms (Views: 112.5ms | ActiveRecord: 0.7ms)


Started GET "/session/new" for ::1 at 2020-07-20 10:53:27 -0700
Processing by SessionsController#new as HTML
  [1m[36mUser Load (1.4ms)[0m  [1m[34mSELECT  "users".* FROM "users" WHERE "users"."session_token" IS NULL LIMIT $1[0m  [["LIMIT", 1]]
  ↳ app/controllers/application_controller.rb:3
  Rendering sessions/new.html.erb within layouts/application
  Rendered sessions/new.html.erb within layouts/application (8.6ms)
Completed 500 Internal Server Error in 33ms (ActiveRecord: 1.4ms)



ActionView::Template::Error - undefined method `name' for nil:NilClass:
  app/views/sessions/new.html.erb:7:in `view template'
  app/controllers/sessions_controller.rb:5:in `new'

Started POST "/__better_errors/3bd834c3a25d125e/variables" for ::1 at 2020-07-20 10:53:27 -0700
Started GET "/session/new" for ::1 at 2020-07-20 10:54:06 -0700
Processing by SessionsController#new as HTML
  [1m[36mUser Load (0.5ms)[0m  [1m[34mSELECT  "users".* FROM "users" WHERE "users"."session_token" IS NULL LIMIT $1[0m  [["LIMIT", 1]]
  ↳ app/controllers/application_controller.rb:3
  Rendering sessions/new.html.erb within layouts/application
  Rendered sessions/new.html.erb within layouts/application (18.3ms)
Completed 500 Internal Server Error in 30ms (ActiveRecord: 0.5ms)



ActionView::Template::Error - undefined method `name' for nil:NilClass:
  app/views/sessions/new.html.erb:7:in `view template'
  app/controllers/sessions_controller.rb:5:in `new'

Started POST "/__better_errors/1c0c25f2d4a95904/variables" for ::1 at 2020-07-20 10:54:06 -0700
Started GET "/users/new" for ::1 at 2020-07-20 10:55:02 -0700
Processing by UsersController#new as HTML
  [1m[36mUser Load (0.3ms)[0m  [1m[34mSELECT  "users".* FROM "users" WHERE "users"."session_token" IS NULL LIMIT $1[0m  [["LIMIT", 1]]
  ↳ app/controllers/application_controller.rb:3
  Rendering users/new.html.erb within layouts/application
  Rendered users/new.html.erb within layouts/application (1.0ms)
Completed 200 OK in 80ms (Views: 71.5ms | ActiveRecord: 0.3ms)


Started GET "/session/new" for ::1 at 2020-07-20 10:55:04 -0700
Processing by SessionsController#new as HTML
  [1m[36mUser Load (7.9ms)[0m  [1m[34mSELECT  "users".* FROM "users" WHERE "users"."session_token" IS NULL LIMIT $1[0m  [["LIMIT", 1]]
  ↳ app/controllers/application_controller.rb:3
  Rendering sessions/new.html.erb within layouts/application
  Rendered sessions/new.html.erb within layouts/application (0.5ms)
Completed 200 OK in 112ms (Views: 93.9ms | ActiveRecord: 7.9ms)


Started GET "/session/new" for ::1 at 2020-07-20 10:56:39 -0700
Processing by SessionsController#new as HTML
  [1m[36mUser Load (4.3ms)[0m  [1m[34mSELECT  "users".* FROM "users" WHERE "users"."session_token" IS NULL LIMIT $1[0m  [["LIMIT", 1]]
  ↳ app/controllers/application_controller.rb:3
  Rendering sessions/new.html.erb within layouts/application
  Rendered sessions/new.html.erb within layouts/application (4.0ms)
Completed 200 OK in 213ms (Views: 205.1ms | ActiveRecord: 4.3ms)


Started GET "/users/new" for ::1 at 2020-07-20 11:07:39 -0700
  [1m[35m (1.6ms)[0m  [1m[34mSELECT "schema_migrations"."version" FROM "schema_migrations" ORDER BY "schema_migrations"."version" ASC[0m
  ↳ /Users/anyahirota/.rbenv/versions/2.5.1/lib/ruby/gems/2.5.0/gems/activerecord-5.2.4.3/lib/active_record/log_subscriber.rb:98
Processing by UsersController#new as HTML
  [1m[36mUser Load (1.3ms)[0m  [1m[34mSELECT  "users".* FROM "users" WHERE "users"."session_token" IS NULL LIMIT $1[0m  [["LIMIT", 1]]
  ↳ app/controllers/application_controller.rb:5
  Rendering users/new.html.erb within layouts/application
  Rendered users/new.html.erb within layouts/application (2.2ms)
  [1m[36mCACHE User Load (0.0ms)[0m  [1m[34mSELECT  "users".* FROM "users" WHERE "users"."session_token" IS NULL LIMIT $1[0m  [["LIMIT", 1]]
  ↳ app/controllers/application_controller.rb:5
Completed 200 OK in 314ms (Views: 223.0ms | ActiveRecord: 46.8ms)


  [1m[35m (2.8ms)[0m  [1m[34mSELECT pg_try_advisory_lock(6711173107426626090)[0m
  ↳ bin/rails:9
  [1m[35m (1.3ms)[0m  [1m[34mSELECT "schema_migrations"."version" FROM "schema_migrations" ORDER BY "schema_migrations"."version" ASC[0m
  ↳ bin/rails:9
Migrating to CreateSubs (20200720181000)
  [1m[35m (0.2ms)[0m  [1m[35mBEGIN[0m
  ↳ bin/rails:9
  [1m[35m (18.6ms)[0m  [1m[35mCREATE TABLE "subs" ("id" bigserial primary key, "description" text, "title" character varying NOT NULL, "moderator_id" integer NOT NULL, "created_at" timestamp NOT NULL, "updated_at" timestamp NOT NULL)[0m
  ↳ db/migrate/20200720181000_create_subs.rb:3
  [1m[35m (4.7ms)[0m  [1m[35mCREATE UNIQUE INDEX  "index_subs_on_title" ON "subs"  ("title")[0m
  ↳ db/migrate/20200720181000_create_subs.rb:10
  [1m[35m (2.4ms)[0m  [1m[35mCREATE  INDEX  "index_subs_on_moderator_id" ON "subs"  ("moderator_id")[0m
  ↳ db/migrate/20200720181000_create_subs.rb:11
  [1m[36mActiveRecord::SchemaMigration Create (1.5ms)[0m  [1m[32mINSERT INTO "schema_migrations" ("version") VALUES ($1) RETURNING "version"[0m  [["version", "20200720181000"]]
  ↳ bin/rails:9
  [1m[35m (1.8ms)[0m  [1m[35mCOMMIT[0m
  ↳ bin/rails:9
  [1m[36mActiveRecord::InternalMetadata Load (1.1ms)[0m  [1m[34mSELECT  "ar_internal_metadata".* FROM "ar_internal_metadata" WHERE "ar_internal_metadata"."key" = $1 LIMIT $2[0m  [["key", "environment"], ["LIMIT", 1]]
  ↳ bin/rails:9
  [1m[35m (0.2ms)[0m  [1m[35mBEGIN[0m
  ↳ bin/rails:9
  [1m[35m (0.1ms)[0m  [1m[35mCOMMIT[0m
  ↳ bin/rails:9
  [1m[35m (0.2ms)[0m  [1m[34mSELECT pg_advisory_unlock(6711173107426626090)[0m
  ↳ bin/rails:9
  [1m[35m (1.7ms)[0m  [1m[34mSELECT "schema_migrations"."version" FROM "schema_migrations" ORDER BY "schema_migrations"."version" ASC[0m
  ↳ bin/rails:9
  [1m[35m (0.9ms)[0m  [1m[34mSELECT "schema_migrations"."version" FROM "schema_migrations" ORDER BY "schema_migrations"."version" ASC[0m
  ↳ /Users/anyahirota/.rbenv/versions/2.5.1/bin/annotate:23
Started POST "/session" for ::1 at 2020-07-20 11:42:40 -0700
  [1m[35m (1.0ms)[0m  [1m[34mSELECT "schema_migrations"."version" FROM "schema_migrations" ORDER BY "schema_migrations"."version" ASC[0m
  ↳ /Users/anyahirota/.rbenv/versions/2.5.1/lib/ruby/gems/2.5.0/gems/activerecord-5.2.4.3/lib/active_record/log_subscriber.rb:98
Processing by SessionsController#create as */*
  Parameters: {"user"=>{"name"=>"vanessa", "password"=>"[FILTERED]"}}
Can't verify CSRF token authenticity.
Completed 422 Unprocessable Entity in 9ms (ActiveRecord: 0.0ms)



ActionController::InvalidAuthenticityToken - ActionController::InvalidAuthenticityToken:

Started POST "/session" for ::1 at 2020-07-20 11:43:38 -0700
Processing by SessionsController#create as */*
  Parameters: {"user"=>{"name"=>"vanessa", "password"=>"[FILTERED]"}}
  [1m[36mUser Load (2.5ms)[0m  [1m[34mSELECT  "users".* FROM "users" WHERE "users"."session_token" IS NULL LIMIT $1[0m  [["LIMIT", 1]]
  ↳ app/controllers/application_controller.rb:6
  [1m[36mUser Load (0.5ms)[0m  [1m[34mSELECT  "users".* FROM "users" WHERE "users"."name" = $1 LIMIT $2[0m  [["name", "vanessa"], ["LIMIT", 1]]
  ↳ app/models/user.rb:23
  [1m[35m (0.3ms)[0m  [1m[35mBEGIN[0m
  ↳ app/models/user.rb:38
  [1m[36mUser Exists (14.8ms)[0m  [1m[34mSELECT  1 AS one FROM "users" WHERE "users"."name" = $1 AND "users"."id" != $2 LIMIT $3[0m  [["name", "vanessa"], ["id", 1], ["LIMIT", 1]]
  ↳ app/models/user.rb:38
  [1m[36mUser Exists (13.5ms)[0m  [1m[34mSELECT  1 AS one FROM "users" WHERE "users"."session_token" = $1 AND "users"."id" != $2 LIMIT $3[0m  [["session_token", "96kpdWecAYMpBo2FjxUQxw"], ["id", 1], ["LIMIT", 1]]
  ↳ app/models/user.rb:38
  [1m[36mUser Update (1.0ms)[0m  [1m[33mUPDATE "users" SET "session_token" = $1, "updated_at" = $2 WHERE "users"."id" = $3[0m  [["session_token", "96kpdWecAYMpBo2FjxUQxw"], ["updated_at", "2020-07-20 18:43:39.499883"], ["id", 1]]
  ↳ app/models/user.rb:38
  [1m[35m (3.1ms)[0m  [1m[35mCOMMIT[0m
  ↳ app/models/user.rb:38
Redirected to http://localhost:3000/subs
Completed 302 Found in 542ms (ActiveRecord: 68.0ms)


Started GET "/subs" for ::1 at 2020-07-20 11:43:39 -0700
Processing by SubsController#index as */*
  [1m[36mUser Load (0.3ms)[0m  [1m[34mSELECT  "users".* FROM "users" WHERE "users"."session_token" = $1 LIMIT $2[0m  [["session_token", "96kpdWecAYMpBo2FjxUQxw"], ["LIMIT", 1]]
  ↳ app/controllers/application_controller.rb:6
Completed 500 Internal Server Error in 307ms (ActiveRecord: 0.3ms)



ActionView::MissingTemplate - Missing template subs/index, application/index with {:locale=>[:en], :formats=>[:html, :text, :js, :css, :ics, :csv, :vcf, :vtt, :png, :jpeg, :gif, :bmp, :tiff, :svg, :mpeg, :mp3, :ogg, :m4a, :webm, :mp4, :otf, :ttf, :woff, :woff2, :xml, :rss, :atom, :yaml, :multipart_form, :url_encoded_form, :json, :pdf, :zip, :gzip], :variants=>[], :handlers=>[:raw, :erb, :html, :builder, :ruby, :coffee, :jbuilder]}. Searched in:
  * "/Users/anyahirota/Desktop/RedditClone/app/views"
:
  app/controllers/subs_controller.rb:23:in `index'

Started POST "/subs" for ::1 at 2020-07-20 11:45:01 -0700
Processing by SubsController#create as */*
  Parameters: {"sub"=>{"title"=>"app academy", "description"=>"always fun"}}
  [1m[36mUser Load (0.5ms)[0m  [1m[34mSELECT  "users".* FROM "users" WHERE "users"."session_token" = $1 LIMIT $2[0m  [["session_token", "96kpdWecAYMpBo2FjxUQxw"], ["LIMIT", 1]]
  ↳ app/controllers/application_controller.rb:6
Completed 500 Internal Server Error in 7ms (ActiveRecord: 0.5ms)



NoMethodError - undefined method `subs' for #<User:0x00007f81c01f9e08>:
  app/controllers/subs_controller.rb:10:in `create'

Started POST "/subs" for ::1 at 2020-07-20 11:46:27 -0700
Processing by SubsController#create as */*
  Parameters: {"sub"=>{"title"=>"app academy", "description"=>"always fun"}}
  [1m[36mUser Load (0.4ms)[0m  [1m[34mSELECT  "users".* FROM "users" WHERE "users"."session_token" = $1 LIMIT $2[0m  [["session_token", "96kpdWecAYMpBo2FjxUQxw"], ["LIMIT", 1]]
  ↳ app/controllers/application_controller.rb:6
Started GET "/session/new" for ::1 at 2020-07-20 12:05:39 -0700
  [1m[35m (1.6ms)[0m  [1m[34mSELECT "schema_migrations"."version" FROM "schema_migrations" ORDER BY "schema_migrations"."version" ASC[0m
  ↳ /Users/anyahirota/.rbenv/versions/2.5.1/lib/ruby/gems/2.5.0/gems/activerecord-5.2.4.3/lib/active_record/log_subscriber.rb:98
Processing by SessionsController#new as HTML
  [1m[36mUser Load (1.2ms)[0m  [1m[34mSELECT  "users".* FROM "users" WHERE "users"."session_token" IS NULL LIMIT $1[0m  [["LIMIT", 1]]
  ↳ app/controllers/application_controller.rb:6
  Rendering sessions/new.html.erb within layouts/application
  Rendered sessions/new.html.erb within layouts/application (2.7ms)
  [1m[36mCACHE User Load (0.0ms)[0m  [1m[34mSELECT  "users".* FROM "users" WHERE "users"."session_token" IS NULL LIMIT $1[0m  [["LIMIT", 1]]
  ↳ app/controllers/application_controller.rb:6
Completed 200 OK in 502ms (Views: 456.5ms | ActiveRecord: 4.8ms)


Started GET "/session/new" for ::1 at 2020-07-20 12:05:40 -0700
Processing by SessionsController#new as HTML
  [1m[36mUser Load (7.2ms)[0m  [1m[34mSELECT  "users".* FROM "users" WHERE "users"."session_token" IS NULL LIMIT $1[0m  [["LIMIT", 1]]
  ↳ app/controllers/application_controller.rb:6
  Rendering sessions/new.html.erb within layouts/application
  Rendered sessions/new.html.erb within layouts/application (1.2ms)
  [1m[36mCACHE User Load (0.0ms)[0m  [1m[34mSELECT  "users".* FROM "users" WHERE "users"."session_token" IS NULL LIMIT $1[0m  [["LIMIT", 1]]
  ↳ app/controllers/application_controller.rb:6
Completed 200 OK in 180ms (Views: 169.2ms | ActiveRecord: 7.2ms)


Started POST "/session" for ::1 at 2020-07-20 12:05:54 -0700
Processing by SessionsController#create as HTML
  Parameters: {"authenticity_token"=>"yfs+mA1u08PZ9ZkP6wEJkz+cXy24RUm9h14MoBmWQXYCFMAXv7tMeUoxfZuXqWq7WPrUIQgmnm8H+9vTh4va/g==", "user"=>{"name"=>"vanessa", "password"=>"[FILTERED]"}}
  [1m[36mUser Load (3.9ms)[0m  [1m[34mSELECT  "users".* FROM "users" WHERE "users"."session_token" IS NULL LIMIT $1[0m  [["LIMIT", 1]]
  ↳ app/controllers/application_controller.rb:6
  [1m[36mUser Load (4.0ms)[0m  [1m[34mSELECT  "users".* FROM "users" WHERE "users"."name" = $1 LIMIT $2[0m  [["name", "vanessa"], ["LIMIT", 1]]
  ↳ app/models/user.rb:27
  [1m[35m (0.2ms)[0m  [1m[35mBEGIN[0m
  ↳ app/models/user.rb:42
  [1m[36mUser Exists (1.2ms)[0m  [1m[34mSELECT  1 AS one FROM "users" WHERE "users"."name" = $1 AND "users"."id" != $2 LIMIT $3[0m  [["name", "vanessa"], ["id", 1], ["LIMIT", 1]]
  ↳ app/models/user.rb:42
  [1m[36mUser Exists (0.3ms)[0m  [1m[34mSELECT  1 AS one FROM "users" WHERE "users"."session_token" = $1 AND "users"."id" != $2 LIMIT $3[0m  [["session_token", "ewQopRgRVUmKLwQb53wAPg"], ["id", 1], ["LIMIT", 1]]
  ↳ app/models/user.rb:42
  [1m[36mUser Update (4.1ms)[0m  [1m[33mUPDATE "users" SET "session_token" = $1, "updated_at" = $2 WHERE "users"."id" = $3[0m  [["session_token", "ewQopRgRVUmKLwQb53wAPg"], ["updated_at", "2020-07-20 19:05:54.868507"], ["id", 1]]
  ↳ app/models/user.rb:42
  [1m[35m (1.0ms)[0m  [1m[35mCOMMIT[0m
  ↳ app/models/user.rb:42
Redirected to http://localhost:3000/subs
Completed 302 Found in 335ms (ActiveRecord: 35.6ms)


Started GET "/subs" for ::1 at 2020-07-20 12:05:54 -0700
Processing by SubsController#index as HTML
  [1m[36mUser Load (0.4ms)[0m  [1m[34mSELECT  "users".* FROM "users" WHERE "users"."session_token" = $1 LIMIT $2[0m  [["session_token", "ewQopRgRVUmKLwQb53wAPg"], ["LIMIT", 1]]
  ↳ app/controllers/application_controller.rb:6
  Rendering subs/index.html.erb within layouts/application
  Rendered subs/index.html.erb within layouts/application (0.4ms)
Completed 200 OK in 79ms (Views: 67.5ms | ActiveRecord: 0.4ms)


Started DELETE "/session" for ::1 at 2020-07-20 12:06:48 -0700
Processing by SessionsController#destroy as HTML
  Parameters: {"authenticity_token"=>"YF/yAMIjZGqepfXYFl4VaH23hM+X5WAHOJ12/VdknfSrsAyPcPb70A1hEUxq9nZAGtEPwyeGt9W4OKGOyXkGfA=="}
  [1m[36mUser Load (0.3ms)[0m  [1m[34mSELECT  "users".* FROM "users" WHERE "users"."session_token" = $1 LIMIT $2[0m  [["session_token", "ewQopRgRVUmKLwQb53wAPg"], ["LIMIT", 1]]
  ↳ app/controllers/application_controller.rb:6
  [1m[35m (0.6ms)[0m  [1m[35mBEGIN[0m
  ↳ app/models/user.rb:42
  [1m[36mUser Exists (0.3ms)[0m  [1m[34mSELECT  1 AS one FROM "users" WHERE "users"."name" = $1 AND "users"."id" != $2 LIMIT $3[0m  [["name", "vanessa"], ["id", 1], ["LIMIT", 1]]
  ↳ app/models/user.rb:42
  [1m[36mUser Exists (0.4ms)[0m  [1m[34mSELECT  1 AS one FROM "users" WHERE "users"."session_token" = $1 AND "users"."id" != $2 LIMIT $3[0m  [["session_token", "EnPOI3vCdfBb-_PMe5mMMg"], ["id", 1], ["LIMIT", 1]]
  ↳ app/models/user.rb:42
  [1m[36mUser Update (0.4ms)[0m  [1m[33mUPDATE "users" SET "session_token" = $1, "updated_at" = $2 WHERE "users"."id" = $3[0m  [["session_token", "EnPOI3vCdfBb-_PMe5mMMg"], ["updated_at", "2020-07-20 19:06:48.698615"], ["id", 1]]
  ↳ app/models/user.rb:42
  [1m[35m (1.8ms)[0m  [1m[35mCOMMIT[0m
  ↳ app/models/user.rb:42
Redirected to http://localhost:3000/session/new
Completed 302 Found in 117ms (ActiveRecord: 26.8ms)


Started GET "/session/new" for ::1 at 2020-07-20 12:06:48 -0700
Processing by SessionsController#new as HTML
  [1m[36mUser Load (0.3ms)[0m  [1m[34mSELECT  "users".* FROM "users" WHERE "users"."session_token" IS NULL LIMIT $1[0m  [["LIMIT", 1]]
  ↳ app/controllers/application_controller.rb:6
  Rendering sessions/new.html.erb within layouts/application
  Rendered sessions/new.html.erb within layouts/application (1.4ms)
  [1m[36mCACHE User Load (0.0ms)[0m  [1m[34mSELECT  "users".* FROM "users" WHERE "users"."session_token" IS NULL LIMIT $1[0m  [["LIMIT", 1]]
  ↳ app/controllers/application_controller.rb:6
Completed 200 OK in 99ms (Views: 90.6ms | ActiveRecord: 0.3ms)


Started GET "/session/new" for ::1 at 2020-07-20 12:06:51 -0700
Processing by SessionsController#new as HTML
  [1m[36mUser Load (0.9ms)[0m  [1m[34mSELECT  "users".* FROM "users" WHERE "users"."session_token" IS NULL LIMIT $1[0m  [["LIMIT", 1]]
  ↳ app/controllers/application_controller.rb:6
  Rendering sessions/new.html.erb within layouts/application
  Rendered sessions/new.html.erb within layouts/application (2.6ms)
  [1m[36mCACHE User Load (0.0ms)[0m  [1m[34mSELECT  "users".* FROM "users" WHERE "users"."session_token" IS NULL LIMIT $1[0m  [["LIMIT", 1]]
  ↳ app/controllers/application_controller.rb:6
Completed 200 OK in 67ms (Views: 62.3ms | ActiveRecord: 1.0ms)


Started POST "/session" for ::1 at 2020-07-20 12:07:00 -0700
Processing by SessionsController#create as HTML
  Parameters: {"authenticity_token"=>"db7gSuRsVa7YyvSI2laGMzu6aTuwB2UKdTn5SdZQz5i+UR7FVrnKFEsOEBym/uUbXNziNwBkstj1nC46SE1UEA==", "user"=>{"name"=>"vanessa", "password"=>"[FILTERED]"}}
  [1m[36mUser Load (2.7ms)[0m  [1m[34mSELECT  "users".* FROM "users" WHERE "users"."session_token" IS NULL LIMIT $1[0m  [["LIMIT", 1]]
  ↳ app/controllers/application_controller.rb:6
  [1m[36mUser Load (1.0ms)[0m  [1m[34mSELECT  "users".* FROM "users" WHERE "users"."name" = $1 LIMIT $2[0m  [["name", "vanessa"], ["LIMIT", 1]]
  ↳ app/models/user.rb:27
  [1m[35m (0.2ms)[0m  [1m[35mBEGIN[0m
  ↳ app/models/user.rb:42
  [1m[36mUser Exists (0.3ms)[0m  [1m[34mSELECT  1 AS one FROM "users" WHERE "users"."name" = $1 AND "users"."id" != $2 LIMIT $3[0m  [["name", "vanessa"], ["id", 1], ["LIMIT", 1]]
  ↳ app/models/user.rb:42
  [1m[36mUser Exists (0.3ms)[0m  [1m[34mSELECT  1 AS one FROM "users" WHERE "users"."session_token" = $1 AND "users"."id" != $2 LIMIT $3[0m  [["session_token", "Eck_lzlX658RFpARtN_H8A"], ["id", 1], ["LIMIT", 1]]
  ↳ app/models/user.rb:42
  [1m[36mUser Update (2.2ms)[0m  [1m[33mUPDATE "users" SET "session_token" = $1, "updated_at" = $2 WHERE "users"."id" = $3[0m  [["session_token", "Eck_lzlX658RFpARtN_H8A"], ["updated_at", "2020-07-20 19:07:00.868955"], ["id", 1]]
  ↳ app/models/user.rb:42
  [1m[35m (0.4ms)[0m  [1m[35mCOMMIT[0m
  ↳ app/models/user.rb:42
Redirected to http://localhost:3000/subs
Completed 302 Found in 285ms (ActiveRecord: 7.1ms)


Started GET "/subs" for ::1 at 2020-07-20 12:07:00 -0700
Processing by SubsController#index as HTML
  [1m[36mUser Load (0.3ms)[0m  [1m[34mSELECT  "users".* FROM "users" WHERE "users"."session_token" = $1 LIMIT $2[0m  [["session_token", "Eck_lzlX658RFpARtN_H8A"], ["LIMIT", 1]]
  ↳ app/controllers/application_controller.rb:6
  Rendering subs/index.html.erb within layouts/application
  Rendered subs/index.html.erb within layouts/application (1.0ms)
Completed 200 OK in 82ms (Views: 75.1ms | ActiveRecord: 0.3ms)


Started GET "/subs/new" for ::1 at 2020-07-20 12:07:54 -0700
Processing by SubsController#new as HTML
  [1m[36mUser Load (1.9ms)[0m  [1m[34mSELECT  "users".* FROM "users" WHERE "users"."session_token" = $1 LIMIT $2[0m  [["session_token", "Eck_lzlX658RFpARtN_H8A"], ["LIMIT", 1]]
  ↳ app/controllers/application_controller.rb:6
  Rendering subs/new.html.erb within layouts/application
  Rendered subs/new.html.erb within layouts/application (2.3ms)
Completed 200 OK in 101ms (Views: 62.7ms | ActiveRecord: 20.5ms)


Started GET "/subs" for ::1 at 2020-07-20 12:12:13 -0700
Processing by SubsController#index as HTML
  [1m[36mUser Load (4.6ms)[0m  [1m[34mSELECT  "users".* FROM "users" WHERE "users"."session_token" = $1 LIMIT $2[0m  [["session_token", "Eck_lzlX658RFpARtN_H8A"], ["LIMIT", 1]]
  ↳ app/controllers/application_controller.rb:6
  Rendering subs/index.html.erb within layouts/application
  [1m[36mSub Load (3.5ms)[0m  [1m[34mSELECT "subs".* FROM "subs"[0m
  ↳ app/views/subs/index.html.erb:3
  Rendered subs/index.html.erb within layouts/application (5.1ms)
Completed 200 OK in 135ms (Views: 120.9ms | ActiveRecord: 8.1ms)


Started GET "/subs" for ::1 at 2020-07-20 12:13:57 -0700
Processing by SubsController#index as HTML
  [1m[36mUser Load (3.6ms)[0m  [1m[34mSELECT  "users".* FROM "users" WHERE "users"."session_token" = $1 LIMIT $2[0m  [["session_token", "Eck_lzlX658RFpARtN_H8A"], ["LIMIT", 1]]
  ↳ app/controllers/application_controller.rb:6
  Rendering subs/index.html.erb within layouts/application
  [1m[36mSub Load (3.2ms)[0m  [1m[34mSELECT "subs".* FROM "subs"[0m
  ↳ app/views/subs/index.html.erb:3
  Rendered subs/index.html.erb within layouts/application (5.1ms)
Completed 200 OK in 72ms (Views: 61.2ms | ActiveRecord: 6.8ms)


Started GET "/subs/new" for ::1 at 2020-07-20 12:13:59 -0700
Processing by SubsController#new as HTML
  [1m[36mUser Load (0.9ms)[0m  [1m[34mSELECT  "users".* FROM "users" WHERE "users"."session_token" = $1 LIMIT $2[0m  [["session_token", "Eck_lzlX658RFpARtN_H8A"], ["LIMIT", 1]]
  ↳ app/controllers/application_controller.rb:6
  Rendering subs/new.html.erb within layouts/application
  Rendered subs/new.html.erb within layouts/application (0.8ms)
Completed 200 OK in 49ms (Views: 43.7ms | ActiveRecord: 0.9ms)


Started POST "/users" for ::1 at 2020-07-20 12:14:17 -0700
Processing by UsersController#create as HTML
  Parameters: {"authenticity_token"=>"TEZZXScqUAXDtamWX9xl7UD/OSuOPOde6d321KDBaqGHqafSlf/Pv1BxTQIjdAbFJ5myJz5fMIxpeCGnPtzxKQ==", "sub"=>{"title"=>"app academy", "description"=>"so much fun"}}
  [1m[36mUser Load (13.3ms)[0m  [1m[34mSELECT  "users".* FROM "users" WHERE "users"."session_token" = $1 LIMIT $2[0m  [["session_token", "Eck_lzlX658RFpARtN_H8A"], ["LIMIT", 1]]
  ↳ app/controllers/application_controller.rb:6
Redirected to http://localhost:3000/subs
Filter chain halted as :require_sign_out rendered or redirected
Completed 302 Found in 18ms (ActiveRecord: 13.3ms)


Started GET "/subs" for ::1 at 2020-07-20 12:14:17 -0700
Processing by SubsController#index as HTML
  [1m[36mUser Load (0.5ms)[0m  [1m[34mSELECT  "users".* FROM "users" WHERE "users"."session_token" = $1 LIMIT $2[0m  [["session_token", "Eck_lzlX658RFpARtN_H8A"], ["LIMIT", 1]]
  ↳ app/controllers/application_controller.rb:6
  Rendering subs/index.html.erb within layouts/application
  [1m[36mSub Load (0.4ms)[0m  [1m[34mSELECT "subs".* FROM "subs"[0m
  ↳ app/views/subs/index.html.erb:3
  Rendered subs/index.html.erb within layouts/application (11.5ms)
Completed 200 OK in 92ms (Views: 89.1ms | ActiveRecord: 0.8ms)


Started GET "/subs/new" for ::1 at 2020-07-20 12:14:23 -0700
Processing by SubsController#new as HTML
  [1m[36mUser Load (3.4ms)[0m  [1m[34mSELECT  "users".* FROM "users" WHERE "users"."session_token" = $1 LIMIT $2[0m  [["session_token", "Eck_lzlX658RFpARtN_H8A"], ["LIMIT", 1]]
  ↳ app/controllers/application_controller.rb:6
  Rendering subs/new.html.erb within layouts/application
  Rendered subs/new.html.erb within layouts/application (0.8ms)
Completed 200 OK in 75ms (Views: 63.4ms | ActiveRecord: 3.4ms)


Started GET "/subs" for ::1 at 2020-07-20 12:16:07 -0700
Processing by SubsController#index as HTML
  [1m[36mUser Load (3.2ms)[0m  [1m[34mSELECT  "users".* FROM "users" WHERE "users"."session_token" = $1 LIMIT $2[0m  [["session_token", "Eck_lzlX658RFpARtN_H8A"], ["LIMIT", 1]]
  ↳ app/controllers/application_controller.rb:6
  Rendering subs/index.html.erb within layouts/application
  [1m[36mSub Load (1.9ms)[0m  [1m[34mSELECT "subs".* FROM "subs"[0m
  ↳ app/views/subs/index.html.erb:3
  Rendered subs/index.html.erb within layouts/application (4.0ms)
Completed 200 OK in 102ms (Views: 92.8ms | ActiveRecord: 5.1ms)


  [1m[36mSub Load (0.9ms)[0m  [1m[34mSELECT "subs".* FROM "subs"[0m
Started GET "/subs/new" for ::1 at 2020-07-20 12:17:45 -0700
  [1m[35m (0.8ms)[0m  [1m[34mSELECT "schema_migrations"."version" FROM "schema_migrations" ORDER BY "schema_migrations"."version" ASC[0m
  ↳ /Users/anyahirota/.rbenv/versions/2.5.1/lib/ruby/gems/2.5.0/gems/activerecord-5.2.4.3/lib/active_record/log_subscriber.rb:98
Processing by SubsController#new as HTML
  [1m[36mUser Load (0.7ms)[0m  [1m[34mSELECT  "users".* FROM "users" WHERE "users"."session_token" = $1 LIMIT $2[0m  [["session_token", "Eck_lzlX658RFpARtN_H8A"], ["LIMIT", 1]]
  ↳ app/controllers/application_controller.rb:6
  Rendering subs/new.html.erb within layouts/application
  Rendered subs/new.html.erb within layouts/application (1.8ms)
Completed 200 OK in 385ms (Views: 279.2ms | ActiveRecord: 31.2ms)


Started POST "/users" for ::1 at 2020-07-20 12:17:53 -0700
Processing by UsersController#create as HTML
  Parameters: {"authenticity_token"=>"K51tKO96u2RUDARDi2+z/ryu2DCGputC2nyP0GFJE6fgcpOnXa8k3sfI4Nf3x9DW28hTPDbFPJBa2Vij/1SILw==", "sub"=>{"title"=>"app academy", "description"=>"so much fun"}}
  [1m[36mUser Load (1.4ms)[0m  [1m[34mSELECT  "users".* FROM "users" WHERE "users"."session_token" = $1 LIMIT $2[0m  [["session_token", "Eck_lzlX658RFpARtN_H8A"], ["LIMIT", 1]]
  ↳ app/controllers/application_controller.rb:6
Redirected to http://localhost:3000/subs
Filter chain halted as :require_sign_out rendered or redirected
Completed 302 Found in 7ms (ActiveRecord: 1.4ms)


Started GET "/subs" for ::1 at 2020-07-20 12:17:53 -0700
Processing by SubsController#index as HTML
  [1m[36mUser Load (2.7ms)[0m  [1m[34mSELECT  "users".* FROM "users" WHERE "users"."session_token" = $1 LIMIT $2[0m  [["session_token", "Eck_lzlX658RFpARtN_H8A"], ["LIMIT", 1]]
  ↳ app/controllers/application_controller.rb:6
  Rendering subs/index.html.erb within layouts/application
  [1m[36mSub Load (1.1ms)[0m  [1m[34mSELECT "subs".* FROM "subs"[0m
  ↳ app/views/subs/index.html.erb:3
  Rendered subs/index.html.erb within layouts/application (2.3ms)
Completed 200 OK in 53ms (Views: 43.5ms | ActiveRecord: 3.8ms)


Started GET "/" for ::1 at 2020-07-20 13:01:26 -0700
  [1m[35m (1.3ms)[0m  [1m[34mSELECT "schema_migrations"."version" FROM "schema_migrations" ORDER BY "schema_migrations"."version" ASC[0m
  ↳ /Users/anyahirota/.rbenv/versions/2.5.1/lib/ruby/gems/2.5.0/gems/activerecord-5.2.4.3/lib/active_record/log_subscriber.rb:98
Processing by Rails::WelcomeController#index as HTML
  Rendering /Users/anyahirota/.rbenv/versions/2.5.1/lib/ruby/gems/2.5.0/gems/railties-5.2.4.3/lib/rails/templates/rails/welcome/index.html.erb
  Rendered /Users/anyahirota/.rbenv/versions/2.5.1/lib/ruby/gems/2.5.0/gems/railties-5.2.4.3/lib/rails/templates/rails/welcome/index.html.erb (3.8ms)
Completed 200 OK in 22ms (Views: 11.6ms | ActiveRecord: 0.0ms)


Started GET "/users/new" for ::1 at 2020-07-20 13:01:47 -0700
Processing by UsersController#new as HTML
  [1m[36mUser Load (1.3ms)[0m  [1m[34mSELECT  "users".* FROM "users" WHERE "users"."session_token" = $1 LIMIT $2[0m  [["session_token", "Eck_lzlX658RFpARtN_H8A"], ["LIMIT", 1]]
  ↳ app/controllers/application_controller.rb:6
Redirected to http://localhost:3000/subs
Filter chain halted as :require_sign_out rendered or redirected
Completed 302 Found in 38ms (ActiveRecord: 11.1ms)


Started GET "/subs" for ::1 at 2020-07-20 13:01:47 -0700
Processing by SubsController#index as HTML
  [1m[36mUser Load (2.6ms)[0m  [1m[34mSELECT  "users".* FROM "users" WHERE "users"."session_token" = $1 LIMIT $2[0m  [["session_token", "Eck_lzlX658RFpARtN_H8A"], ["LIMIT", 1]]
  ↳ app/controllers/application_controller.rb:6
  Rendering subs/index.html.erb within layouts/application
  [1m[36mSub Load (6.9ms)[0m  [1m[34mSELECT "subs".* FROM "subs"[0m
  ↳ app/views/subs/index.html.erb:3
  Rendered subs/index.html.erb within layouts/application (20.5ms)
Completed 200 OK in 305ms (Views: 280.4ms | ActiveRecord: 13.4ms)


Started GET "/subs/new" for ::1 at 2020-07-20 13:01:55 -0700
Processing by SubsController#new as HTML
  [1m[36mUser Load (5.2ms)[0m  [1m[34mSELECT  "users".* FROM "users" WHERE "users"."session_token" = $1 LIMIT $2[0m  [["session_token", "Eck_lzlX658RFpARtN_H8A"], ["LIMIT", 1]]
  ↳ app/controllers/application_controller.rb:6
  Rendering subs/new.html.erb within layouts/application
  Rendered subs/new.html.erb within layouts/application (1.3ms)
Completed 200 OK in 66ms (Views: 37.3ms | ActiveRecord: 13.1ms)


Started POST "/users" for ::1 at 2020-07-20 13:01:58 -0700
Processing by UsersController#create as HTML
  Parameters: {"authenticity_token"=>"pn0Ai4v3U1ITiQQNKuXnQRAGPli5rQgOh3ENWXurp5Vtkv4EOSLM6IBN4JlWTYRpd2C1VAnO39wH1Noq5bY8HQ==", "sub"=>{"title"=>"app academy", "description"=>"so much fun"}}
  [1m[36mUser Load (1.0ms)[0m  [1m[34mSELECT  "users".* FROM "users" WHERE "users"."session_token" = $1 LIMIT $2[0m  [["session_token", "Eck_lzlX658RFpARtN_H8A"], ["LIMIT", 1]]
  ↳ app/controllers/application_controller.rb:6
Redirected to http://localhost:3000/subs
Filter chain halted as :require_sign_out rendered or redirected
Completed 302 Found in 7ms (ActiveRecord: 1.0ms)


Started GET "/subs" for ::1 at 2020-07-20 13:01:58 -0700
Processing by SubsController#index as HTML
  [1m[36mUser Load (2.6ms)[0m  [1m[34mSELECT  "users".* FROM "users" WHERE "users"."session_token" = $1 LIMIT $2[0m  [["session_token", "Eck_lzlX658RFpARtN_H8A"], ["LIMIT", 1]]
  ↳ app/controllers/application_controller.rb:6
  Rendering subs/index.html.erb within layouts/application
  [1m[36mSub Load (2.9ms)[0m  [1m[34mSELECT "subs".* FROM "subs"[0m
  ↳ app/views/subs/index.html.erb:3
  Rendered subs/index.html.erb within layouts/application (4.5ms)
Completed 200 OK in 55ms (Views: 48.3ms | ActiveRecord: 5.5ms)


Started DELETE "/session" for ::1 at 2020-07-20 13:04:26 -0700
Processing by SessionsController#destroy as HTML
  Parameters: {"authenticity_token"=>"y525rIo2034BMvOnpjlLzjCFEGWOIfy0bWBGYc3ZkmQAckcjOONMxJL2FzPakSjmV+ObaT5CK2btxZESU8QJ7A=="}
  [1m[36mUser Load (0.3ms)[0m  [1m[34mSELECT  "users".* FROM "users" WHERE "users"."session_token" = $1 LIMIT $2[0m  [["session_token", "Eck_lzlX658RFpARtN_H8A"], ["LIMIT", 1]]
  ↳ app/controllers/application_controller.rb:6
  [1m[35m (0.2ms)[0m  [1m[35mBEGIN[0m
  ↳ app/models/user.rb:42
  [1m[36mUser Exists (1.8ms)[0m  [1m[34mSELECT  1 AS one FROM "users" WHERE "users"."name" = $1 AND "users"."id" != $2 LIMIT $3[0m  [["name", "vanessa"], ["id", 1], ["LIMIT", 1]]
  ↳ app/models/user.rb:42
  [1m[36mUser Exists (0.5ms)[0m  [1m[34mSELECT  1 AS one FROM "users" WHERE "users"."session_token" = $1 AND "users"."id" != $2 LIMIT $3[0m  [["session_token", "wZ4-hWN1P8tdbYurT-qgCA"], ["id", 1], ["LIMIT", 1]]
  ↳ app/models/user.rb:42
  [1m[36mUser Update (1.1ms)[0m  [1m[33mUPDATE "users" SET "session_token" = $1, "updated_at" = $2 WHERE "users"."id" = $3[0m  [["session_token", "wZ4-hWN1P8tdbYurT-qgCA"], ["updated_at", "2020-07-20 20:04:26.553628"], ["id", 1]]
  ↳ app/models/user.rb:42
  [1m[35m (0.9ms)[0m  [1m[35mCOMMIT[0m
  ↳ app/models/user.rb:42
Redirected to http://localhost:3000/session/new
Completed 302 Found in 26ms (ActiveRecord: 10.7ms)


Started GET "/session/new" for ::1 at 2020-07-20 13:04:26 -0700
Processing by SessionsController#new as HTML
  Rendering sessions/new.html.erb within layouts/application
  Rendered sessions/new.html.erb within layouts/application (0.8ms)
  [1m[36mUser Load (0.3ms)[0m  [1m[34mSELECT  "users".* FROM "users" WHERE "users"."session_token" IS NULL LIMIT $1[0m  [["LIMIT", 1]]
  ↳ app/controllers/application_controller.rb:6
Completed 200 OK in 35ms (Views: 34.1ms | ActiveRecord: 0.3ms)


Started GET "/users/new" for ::1 at 2020-07-20 13:04:29 -0700
Processing by UsersController#new as HTML
  [1m[36mUser Load (0.9ms)[0m  [1m[34mSELECT  "users".* FROM "users" WHERE "users"."session_token" IS NULL LIMIT $1[0m  [["LIMIT", 1]]
  ↳ app/controllers/application_controller.rb:6
  Rendering users/new.html.erb within layouts/application
  Rendered users/new.html.erb within layouts/application (0.9ms)
  [1m[36mCACHE User Load (0.0ms)[0m  [1m[34mSELECT  "users".* FROM "users" WHERE "users"."session_token" IS NULL LIMIT $1[0m  [["LIMIT", 1]]
  ↳ app/controllers/application_controller.rb:6
Completed 200 OK in 70ms (Views: 64.0ms | ActiveRecord: 0.9ms)


Started POST "/users" for ::1 at 2020-07-20 13:04:45 -0700
Processing by UsersController#create as HTML
  Parameters: {"authenticity_token"=>"VAtS8RSY0miDIwknHEZOfVT2NFp1DswX9jA61IyV+BCf5Kx+pk1N0hDn7bNg7i1VM5C/VsVtG8V2le2nEohjmA==", "user"=>{"name"=>"123456", "password"=>"[FILTERED]"}}
  [1m[36mUser Load (4.7ms)[0m  [1m[34mSELECT  "users".* FROM "users" WHERE "users"."session_token" IS NULL LIMIT $1[0m  [["LIMIT", 1]]
  ↳ app/controllers/application_controller.rb:6
  [1m[35m (0.2ms)[0m  [1m[35mBEGIN[0m
  ↳ app/controllers/users_controller.rb:9
  [1m[36mUser Exists (0.3ms)[0m  [1m[34mSELECT  1 AS one FROM "users" WHERE "users"."name" = $1 LIMIT $2[0m  [["name", "123456"], ["LIMIT", 1]]
  ↳ app/controllers/users_controller.rb:9
  [1m[36mUser Exists (0.3ms)[0m  [1m[34mSELECT  1 AS one FROM "users" WHERE "users"."session_token" = $1 LIMIT $2[0m  [["session_token", "8yAVHP1P62CmNu4j7mbipw"], ["LIMIT", 1]]
  ↳ app/controllers/users_controller.rb:9
  [1m[36mUser Create (2.4ms)[0m  [1m[32mINSERT INTO "users" ("name", "password_digest", "session_token", "created_at", "updated_at") VALUES ($1, $2, $3, $4, $5) RETURNING "id"[0m  [["name", "123456"], ["password_digest", "$2a$12$FbRYeBTiUBZcbotwHDsxmOMJs5bs2LetErRu4AwENuHFAIimF8eti"], ["session_token", "8yAVHP1P62CmNu4j7mbipw"], ["created_at", "2020-07-20 20:04:45.428182"], ["updated_at", "2020-07-20 20:04:45.428182"]]
  ↳ app/controllers/users_controller.rb:9
  [1m[35m (0.3ms)[0m  [1m[35mCOMMIT[0m
  ↳ app/controllers/users_controller.rb:9
  [1m[35m (0.1ms)[0m  [1m[35mBEGIN[0m
  ↳ app/models/user.rb:42
  [1m[36mUser Exists (0.4ms)[0m  [1m[34mSELECT  1 AS one FROM "users" WHERE "users"."name" = $1 AND "users"."id" != $2 LIMIT $3[0m  [["name", "123456"], ["id", 2], ["LIMIT", 1]]
  ↳ app/models/user.rb:42
  [1m[36mUser Exists (0.4ms)[0m  [1m[34mSELECT  1 AS one FROM "users" WHERE "users"."session_token" = $1 AND "users"."id" != $2 LIMIT $3[0m  [["session_token", "NmZnagha4Nb7pnsNMJMPZA"], ["id", 2], ["LIMIT", 1]]
  ↳ app/models/user.rb:42
  [1m[36mUser Update (0.5ms)[0m  [1m[33mUPDATE "users" SET "session_token" = $1, "updated_at" = $2 WHERE "users"."id" = $3[0m  [["session_token", "NmZnagha4Nb7pnsNMJMPZA"], ["updated_at", "2020-07-20 20:04:45.436458"], ["id", 2]]
  ↳ app/models/user.rb:42
  [1m[35m (0.4ms)[0m  [1m[35mCOMMIT[0m
  ↳ app/models/user.rb:42
Redirected to http://localhost:3000/subs
Completed 302 Found in 251ms (ActiveRecord: 10.0ms)


Started GET "/subs" for ::1 at 2020-07-20 13:04:45 -0700
Processing by SubsController#index as HTML
  [1m[36mUser Load (0.2ms)[0m  [1m[34mSELECT  "users".* FROM "users" WHERE "users"."session_token" = $1 LIMIT $2[0m  [["session_token", "NmZnagha4Nb7pnsNMJMPZA"], ["LIMIT", 1]]
  ↳ app/controllers/application_controller.rb:6
  Rendering subs/index.html.erb within layouts/application
  [1m[36mSub Load (0.6ms)[0m  [1m[34mSELECT "subs".* FROM "subs"[0m
  ↳ app/views/subs/index.html.erb:3
  Rendered subs/index.html.erb within layouts/application (5.3ms)
Completed 200 OK in 42ms (Views: 35.1ms | ActiveRecord: 3.6ms)


Started GET "/subs/new" for ::1 at 2020-07-20 13:04:54 -0700
Processing by SubsController#new as HTML
  [1m[36mUser Load (12.6ms)[0m  [1m[34mSELECT  "users".* FROM "users" WHERE "users"."session_token" = $1 LIMIT $2[0m  [["session_token", "NmZnagha4Nb7pnsNMJMPZA"], ["LIMIT", 1]]
  ↳ app/controllers/application_controller.rb:6
  Rendering subs/new.html.erb within layouts/application
  Rendered subs/new.html.erb within layouts/application (0.6ms)
Completed 200 OK in 78ms (Views: 46.0ms | ActiveRecord: 20.9ms)


Started POST "/users" for ::1 at 2020-07-20 13:04:57 -0700
Processing by UsersController#create as HTML
  Parameters: {"authenticity_token"=>"x4jgxP7hlMPUzjYm/ymU7RfJYO6J4DDBD6loePmdSn0MZx5LTDQLeUcK0rKDgffFcK/r4jmD5xOPDL8LZ4DR9Q==", "sub"=>{"title"=>"app academy", "description"=>"so much fun"}}
  [1m[36mUser Load (0.6ms)[0m  [1m[34mSELECT  "users".* FROM "users" WHERE "users"."session_token" = $1 LIMIT $2[0m  [["session_token", "NmZnagha4Nb7pnsNMJMPZA"], ["LIMIT", 1]]
  ↳ app/controllers/application_controller.rb:6
Redirected to http://localhost:3000/subs
Filter chain halted as :require_sign_out rendered or redirected
Completed 302 Found in 3ms (ActiveRecord: 0.6ms)


Started GET "/subs" for ::1 at 2020-07-20 13:04:57 -0700
Processing by SubsController#index as HTML
  [1m[36mUser Load (0.3ms)[0m  [1m[34mSELECT  "users".* FROM "users" WHERE "users"."session_token" = $1 LIMIT $2[0m  [["session_token", "NmZnagha4Nb7pnsNMJMPZA"], ["LIMIT", 1]]
  ↳ app/controllers/application_controller.rb:6
  Rendering subs/index.html.erb within layouts/application
  [1m[36mSub Load (2.2ms)[0m  [1m[34mSELECT "subs".* FROM "subs"[0m
  ↳ app/views/subs/index.html.erb:3
  Rendered subs/index.html.erb within layouts/application (3.3ms)
Completed 200 OK in 51ms (Views: 47.2ms | ActiveRecord: 2.5ms)


Started DELETE "/session" for ::1 at 2020-07-20 13:05:53 -0700
Processing by SessionsController#destroy as HTML
  Parameters: {"authenticity_token"=>"bW9Eo9r446WrUCGWvLzt6uNEXCgm14O5KYx0nhWBAlamgLosaC18HziUxQLAFI7ChCLXJJa0VGupKaPti5yZ3g=="}
  [1m[36mUser Load (0.3ms)[0m  [1m[34mSELECT  "users".* FROM "users" WHERE "users"."session_token" = $1 LIMIT $2[0m  [["session_token", "NmZnagha4Nb7pnsNMJMPZA"], ["LIMIT", 1]]
  ↳ app/controllers/application_controller.rb:6
  [1m[35m (0.2ms)[0m  [1m[35mBEGIN[0m
  ↳ app/models/user.rb:42
  [1m[36mUser Exists (2.0ms)[0m  [1m[34mSELECT  1 AS one FROM "users" WHERE "users"."name" = $1 AND "users"."id" != $2 LIMIT $3[0m  [["name", "123456"], ["id", 2], ["LIMIT", 1]]
  ↳ app/models/user.rb:42
  [1m[36mUser Exists (0.6ms)[0m  [1m[34mSELECT  1 AS one FROM "users" WHERE "users"."session_token" = $1 AND "users"."id" != $2 LIMIT $3[0m  [["session_token", "9APo7AJ89fvY0Lyvgp06yg"], ["id", 2], ["LIMIT", 1]]
  ↳ app/models/user.rb:42
  [1m[36mUser Update (1.2ms)[0m  [1m[33mUPDATE "users" SET "session_token" = $1, "updated_at" = $2 WHERE "users"."id" = $3[0m  [["session_token", "9APo7AJ89fvY0Lyvgp06yg"], ["updated_at", "2020-07-20 20:05:53.734606"], ["id", 2]]
  ↳ app/models/user.rb:42
  [1m[35m (0.5ms)[0m  [1m[35mCOMMIT[0m
  ↳ app/models/user.rb:42
Redirected to http://localhost:3000/session/new
Completed 302 Found in 14ms (ActiveRecord: 4.9ms)


Started GET "/session/new" for ::1 at 2020-07-20 13:05:53 -0700
Processing by SessionsController#new as HTML
  Rendering sessions/new.html.erb within layouts/application
  Rendered sessions/new.html.erb within layouts/application (1.1ms)
  [1m[36mUser Load (0.4ms)[0m  [1m[34mSELECT  "users".* FROM "users" WHERE "users"."session_token" IS NULL LIMIT $1[0m  [["LIMIT", 1]]
  ↳ app/controllers/application_controller.rb:6
Completed 200 OK in 31ms (Views: 30.0ms | ActiveRecord: 0.4ms)


Started GET "/session/new" for ::1 at 2020-07-20 13:08:55 -0700
Processing by SessionsController#new as HTML
  Rendering sessions/new.html.erb within layouts/application
  Rendered sessions/new.html.erb within layouts/application (0.6ms)
  [1m[36mUser Load (0.2ms)[0m  [1m[34mSELECT  "users".* FROM "users" WHERE "users"."session_token" IS NULL LIMIT $1[0m  [["LIMIT", 1]]
  ↳ app/controllers/application_controller.rb:6
Completed 200 OK in 56ms (Views: 53.1ms | ActiveRecord: 1.7ms)


Started GET "/session/new" for ::1 at 2020-07-20 13:08:57 -0700
Processing by SessionsController#new as HTML
  Rendering sessions/new.html.erb within layouts/application
  Rendered sessions/new.html.erb within layouts/application (1.1ms)
  [1m[36mUser Load (0.3ms)[0m  [1m[34mSELECT  "users".* FROM "users" WHERE "users"."session_token" IS NULL LIMIT $1[0m  [["LIMIT", 1]]
  ↳ app/controllers/application_controller.rb:6
Completed 200 OK in 48ms (Views: 47.0ms | ActiveRecord: 0.3ms)


Started POST "/session" for ::1 at 2020-07-20 13:09:10 -0700
Processing by SessionsController#create as HTML
  Parameters: {"authenticity_token"=>"8kdLVQHr6kwbMEpTm0Lx70dSjJ24152x5U6QhgbAkM85qLXasz519oj0rsfn6pLHIDQHkQi0SmNl60f1mN0LRw==", "user"=>{"name"=>"123456", "password"=>"[FILTERED]"}}
  [1m[36mUser Load (1.7ms)[0m  [1m[34mSELECT  "users".* FROM "users" WHERE "users"."name" = $1 LIMIT $2[0m  [["name", "123456"], ["LIMIT", 1]]
  ↳ app/models/user.rb:27
  [1m[35m (0.2ms)[0m  [1m[35mBEGIN[0m
  ↳ app/models/user.rb:42
  [1m[36mUser Exists (0.3ms)[0m  [1m[34mSELECT  1 AS one FROM "users" WHERE "users"."name" = $1 AND "users"."id" != $2 LIMIT $3[0m  [["name", "123456"], ["id", 2], ["LIMIT", 1]]
  ↳ app/models/user.rb:42
  [1m[36mUser Exists (0.3ms)[0m  [1m[34mSELECT  1 AS one FROM "users" WHERE "users"."session_token" = $1 AND "users"."id" != $2 LIMIT $3[0m  [["session_token", "veb8PQw-REYB71Roi57WGw"], ["id", 2], ["LIMIT", 1]]
  ↳ app/models/user.rb:42
  [1m[36mUser Update (0.3ms)[0m  [1m[33mUPDATE "users" SET "session_token" = $1, "updated_at" = $2 WHERE "users"."id" = $3[0m  [["session_token", "veb8PQw-REYB71Roi57WGw"], ["updated_at", "2020-07-20 20:09:11.113685"], ["id", 2]]
  ↳ app/models/user.rb:42
  [1m[35m (1.6ms)[0m  [1m[35mCOMMIT[0m
  ↳ app/models/user.rb:42
Redirected to http://localhost:3000/subs
Completed 302 Found in 250ms (ActiveRecord: 11.3ms)


Started GET "/subs" for ::1 at 2020-07-20 13:09:11 -0700
Processing by SubsController#index as HTML
  [1m[36mUser Load (0.4ms)[0m  [1m[34mSELECT  "users".* FROM "users" WHERE "users"."session_token" = $1 LIMIT $2[0m  [["session_token", "veb8PQw-REYB71Roi57WGw"], ["LIMIT", 1]]
  ↳ app/controllers/application_controller.rb:6
  Rendering subs/index.html.erb within layouts/application
  [1m[36mSub Load (0.3ms)[0m  [1m[34mSELECT "subs".* FROM "subs"[0m
  ↳ app/views/subs/index.html.erb:3
  Rendered subs/index.html.erb within layouts/application (3.5ms)
Completed 200 OK in 35ms (Views: 28.2ms | ActiveRecord: 2.2ms)


Started GET "/subs/new" for ::1 at 2020-07-20 13:09:16 -0700
Processing by SubsController#new as HTML
  [1m[36mUser Load (0.6ms)[0m  [1m[34mSELECT  "users".* FROM "users" WHERE "users"."session_token" = $1 LIMIT $2[0m  [["session_token", "veb8PQw-REYB71Roi57WGw"], ["LIMIT", 1]]
  ↳ app/controllers/application_controller.rb:6
  Rendering subs/new.html.erb within layouts/application
  Rendered subs/new.html.erb within layouts/application (1.5ms)
Completed 200 OK in 82ms (Views: 60.8ms | ActiveRecord: 6.5ms)


Started POST "/users" for ::1 at 2020-07-20 13:09:20 -0700
Processing by UsersController#create as HTML
  Parameters: {"authenticity_token"=>"Vcby0e5jNHpRbfQIU/2vl9USjkXrqT7KUIHOWMFNunmeKQxeXLarwMKpEJwvVcy/snQFSVvK6RjQJBkrX1Ah8Q==", "sub"=>{"title"=>"app academy", "description"=>"so much fun"}}
Completed 400 Bad Request in 2ms (ActiveRecord: 0.0ms)



ActionController::ParameterMissing - param is missing or the value is empty: user:
  app/controllers/users_controller.rb:21:in `user_params'
  app/controllers/users_controller.rb:8:in `create'

Started POST "/__better_errors/bc9a69da3cfd0c70/variables" for ::1 at 2020-07-20 13:09:20 -0700
Started POST "/users" for ::1 at 2020-07-20 13:11:45 -0700
  [1m[35m (0.7ms)[0m  [1m[34mSELECT "schema_migrations"."version" FROM "schema_migrations" ORDER BY "schema_migrations"."version" ASC[0m
  ↳ /Users/anyahirota/.rbenv/versions/2.5.1/lib/ruby/gems/2.5.0/gems/activerecord-5.2.4.3/lib/active_record/log_subscriber.rb:98
Processing by UsersController#create as HTML
  Parameters: {"authenticity_token"=>"Vcby0e5jNHpRbfQIU/2vl9USjkXrqT7KUIHOWMFNunmeKQxeXLarwMKpEJwvVcy/snQFSVvK6RjQJBkrX1Ah8Q==", "sub"=>{"title"=>"app academy", "description"=>"so much fun"}}
Completed 400 Bad Request in 13ms (ActiveRecord: 0.0ms)



ActionController::ParameterMissing - param is missing or the value is empty: user:
  app/controllers/users_controller.rb:21:in `user_params'
  app/controllers/users_controller.rb:8:in `create'

Started POST "/__better_errors/fb643f479248ef3c/variables" for ::1 at 2020-07-20 13:11:45 -0700
Started DELETE "/session" for ::1 at 2020-07-20 13:11:52 -0700
Processing by SessionsController#destroy as HTML
  Parameters: {"authenticity_token"=>"j0FNm5qB9xrJyOJwUhNg/bBkhccEZjPS/YtN3Rv4aRlErrMUKFRooFoMBuQuuwPV1wIOy7QF5AB9LpquheXykQ=="}
  [1m[36mUser Load (0.8ms)[0m  [1m[34mSELECT  "users".* FROM "users" WHERE "users"."session_token" = $1 LIMIT $2[0m  [["session_token", "veb8PQw-REYB71Roi57WGw"], ["LIMIT", 1]]
  ↳ app/controllers/application_controller.rb:6
  [1m[35m (0.1ms)[0m  [1m[35mBEGIN[0m
  ↳ app/models/user.rb:42
  [1m[36mUser Exists (1.9ms)[0m  [1m[34mSELECT  1 AS one FROM "users" WHERE "users"."name" = $1 AND "users"."id" != $2 LIMIT $3[0m  [["name", "123456"], ["id", 2], ["LIMIT", 1]]
  ↳ app/models/user.rb:42
  [1m[36mUser Exists (0.5ms)[0m  [1m[34mSELECT  1 AS one FROM "users" WHERE "users"."session_token" = $1 AND "users"."id" != $2 LIMIT $3[0m  [["session_token", "2iqmXquStYYkplQc4Ft-zQ"], ["id", 2], ["LIMIT", 1]]
  ↳ app/models/user.rb:42
  [1m[36mUser Update (0.7ms)[0m  [1m[33mUPDATE "users" SET "session_token" = $1, "updated_at" = $2 WHERE "users"."id" = $3[0m  [["session_token", "2iqmXquStYYkplQc4Ft-zQ"], ["updated_at", "2020-07-20 20:11:52.656941"], ["id", 2]]
  ↳ app/models/user.rb:42
  [1m[35m (0.7ms)[0m  [1m[35mCOMMIT[0m
  ↳ app/models/user.rb:42
Redirected to http://localhost:3000/session/new
Completed 302 Found in 39ms (ActiveRecord: 19.4ms)


Started GET "/session/new" for ::1 at 2020-07-20 13:11:52 -0700
Processing by SessionsController#new as HTML
  Rendering sessions/new.html.erb within layouts/application
  Rendered sessions/new.html.erb within layouts/application (2.0ms)
  [1m[36mUser Load (0.3ms)[0m  [1m[34mSELECT  "users".* FROM "users" WHERE "users"."session_token" IS NULL LIMIT $1[0m  [["LIMIT", 1]]
  ↳ app/controllers/application_controller.rb:6
Completed 200 OK in 182ms (Views: 181.1ms | ActiveRecord: 0.3ms)


Started POST "/session" for ::1 at 2020-07-20 13:12:00 -0700
Processing by SessionsController#create as HTML
  Parameters: {"authenticity_token"=>"NDkdG4GlVfyjCHSG5+8hd2y3kFnF+VhL6tlpk48hShz/1uOUM3DKRjDMkBKbR0JfC9EbVXWaj5lqfL7gETzRlA==", "user"=>{"name"=>"123456", "password"=>"[FILTERED]"}}
  [1m[36mUser Load (1.7ms)[0m  [1m[34mSELECT  "users".* FROM "users" WHERE "users"."name" = $1 LIMIT $2[0m  [["name", "123456"], ["LIMIT", 1]]
  ↳ app/models/user.rb:27
  [1m[35m (0.1ms)[0m  [1m[35mBEGIN[0m
  ↳ app/models/user.rb:42
  [1m[36mUser Exists (0.3ms)[0m  [1m[34mSELECT  1 AS one FROM "users" WHERE "users"."name" = $1 AND "users"."id" != $2 LIMIT $3[0m  [["name", "123456"], ["id", 2], ["LIMIT", 1]]
  ↳ app/models/user.rb:42
  [1m[36mUser Exists (0.3ms)[0m  [1m[34mSELECT  1 AS one FROM "users" WHERE "users"."session_token" = $1 AND "users"."id" != $2 LIMIT $3[0m  [["session_token", "87xbpKop8LjSapwraLykBw"], ["id", 2], ["LIMIT", 1]]
  ↳ app/models/user.rb:42
  [1m[36mUser Update (0.3ms)[0m  [1m[33mUPDATE "users" SET "session_token" = $1, "updated_at" = $2 WHERE "users"."id" = $3[0m  [["session_token", "87xbpKop8LjSapwraLykBw"], ["updated_at", "2020-07-20 20:12:00.712172"], ["id", 2]]
  ↳ app/models/user.rb:42
  [1m[35m (0.6ms)[0m  [1m[35mCOMMIT[0m
  ↳ app/models/user.rb:42
Redirected to http://localhost:3000/subs
Completed 302 Found in 244ms (ActiveRecord: 3.4ms)


Started GET "/subs" for ::1 at 2020-07-20 13:12:00 -0700
Processing by SubsController#index as HTML
  [1m[36mUser Load (0.3ms)[0m  [1m[34mSELECT  "users".* FROM "users" WHERE "users"."session_token" = $1 LIMIT $2[0m  [["session_token", "87xbpKop8LjSapwraLykBw"], ["LIMIT", 1]]
  ↳ app/controllers/application_controller.rb:6
  Rendering subs/index.html.erb within layouts/application
  [1m[36mSub Load (0.6ms)[0m  [1m[34mSELECT "subs".* FROM "subs"[0m
  ↳ app/views/subs/index.html.erb:3
  Rendered subs/index.html.erb within layouts/application (4.5ms)
Completed 200 OK in 43ms (Views: 32.0ms | ActiveRecord: 2.9ms)


Started GET "/subs" for ::1 at 2020-07-20 13:12:47 -0700
Processing by SubsController#index as HTML
  [1m[36mUser Load (0.3ms)[0m  [1m[34mSELECT  "users".* FROM "users" WHERE "users"."session_token" = $1 LIMIT $2[0m  [["session_token", "87xbpKop8LjSapwraLykBw"], ["LIMIT", 1]]
  ↳ app/controllers/application_controller.rb:6
  Rendering subs/index.html.erb within layouts/application
  [1m[36mSub Load (0.4ms)[0m  [1m[34mSELECT "subs".* FROM "subs"[0m
  ↳ app/views/subs/index.html.erb:3
  Rendered subs/index.html.erb within layouts/application (4.0ms)
Completed 200 OK in 49ms (Views: 26.6ms | ActiveRecord: 10.7ms)


Started GET "/subs/new" for ::1 at 2020-07-20 13:12:48 -0700
Processing by SubsController#new as HTML
  [1m[36mUser Load (10.5ms)[0m  [1m[34mSELECT  "users".* FROM "users" WHERE "users"."session_token" = $1 LIMIT $2[0m  [["session_token", "87xbpKop8LjSapwraLykBw"], ["LIMIT", 1]]
  ↳ app/controllers/application_controller.rb:6
  Rendering subs/new.html.erb within layouts/application
  Rendered subs/new.html.erb within layouts/application (1.1ms)
Completed 200 OK in 92ms (Views: 52.3ms | ActiveRecord: 19.2ms)


Started POST "/subs" for ::1 at 2020-07-20 13:12:51 -0700
Processing by SubsController#create as HTML
  Parameters: {"authenticity_token"=>"Su1aOERxOGVPmiGzSR1EdCPHWxz3D72Pv/lcDkpukIGBAqS39qSn39xexSc1tSdcRKHQEEdsal0/XIt91HMLCQ==", "sub"=>{"title"=>"app academy", "description"=>"so much fun"}}
  [1m[36mUser Load (0.3ms)[0m  [1m[34mSELECT  "users".* FROM "users" WHERE "users"."session_token" = $1 LIMIT $2[0m  [["session_token", "87xbpKop8LjSapwraLykBw"], ["LIMIT", 1]]
  ↳ app/controllers/application_controller.rb:6
  [1m[35m (0.2ms)[0m  [1m[35mBEGIN[0m
  ↳ app/controllers/subs_controller.rb:12
  [1m[36mSub Exists (1.8ms)[0m  [1m[34mSELECT  1 AS one FROM "subs" WHERE "subs"."title" = $1 LIMIT $2[0m  [["title", "app academy"], ["LIMIT", 1]]
  ↳ app/controllers/subs_controller.rb:12
  [1m[36mUser Load (1.3ms)[0m  [1m[34mSELECT  "users".* FROM "users" WHERE "users"."id" = $1 LIMIT $2[0m  [["id", 2], ["LIMIT", 1]]
  ↳ app/controllers/subs_controller.rb:12
  [1m[36mSub Create (3.7ms)[0m  [1m[32mINSERT INTO "subs" ("description", "title", "moderator_id", "created_at", "updated_at") VALUES ($1, $2, $3, $4, $5) RETURNING "id"[0m  [["description", "so much fun"], ["title", "app academy"], ["moderator_id", 2], ["created_at", "2020-07-20 20:12:51.799017"], ["updated_at", "2020-07-20 20:12:51.799017"]]
  ↳ app/controllers/subs_controller.rb:12
  [1m[35m (2.1ms)[0m  [1m[35mCOMMIT[0m
  ↳ app/controllers/subs_controller.rb:12
Redirected to http://localhost:3000/subs/1
Completed 302 Found in 40ms (ActiveRecord: 9.5ms)


Started GET "/subs/1" for ::1 at 2020-07-20 13:12:51 -0700
Processing by SubsController#show as HTML
  Parameters: {"id"=>"1"}
  [1m[36mUser Load (0.6ms)[0m  [1m[34mSELECT  "users".* FROM "users" WHERE "users"."session_token" = $1 LIMIT $2[0m  [["session_token", "87xbpKop8LjSapwraLykBw"], ["LIMIT", 1]]
  ↳ app/controllers/application_controller.rb:6
  [1m[36mSub Load (1.3ms)[0m  [1m[34mSELECT  "subs".* FROM "subs" WHERE "subs"."id" = $1 LIMIT $2[0m  [["id", 1], ["LIMIT", 1]]
  ↳ app/controllers/subs_controller.rb:26
  Rendering subs/show.html.erb within layouts/application
  Rendered subs/show.html.erb within layouts/application (0.3ms)
Completed 200 OK in 46ms (Views: 40.2ms | ActiveRecord: 1.9ms)


Started GET "/subs" for ::1 at 2020-07-20 13:13:02 -0700
Processing by SubsController#index as HTML
  [1m[36mUser Load (0.3ms)[0m  [1m[34mSELECT  "users".* FROM "users" WHERE "users"."session_token" = $1 LIMIT $2[0m  [["session_token", "87xbpKop8LjSapwraLykBw"], ["LIMIT", 1]]
  ↳ app/controllers/application_controller.rb:6
  Rendering subs/index.html.erb within layouts/application
  [1m[36mSub Load (0.7ms)[0m  [1m[34mSELECT "subs".* FROM "subs"[0m
  ↳ app/views/subs/index.html.erb:3
  Rendered subs/index.html.erb within layouts/application (2.7ms)
Completed 200 OK in 58ms (Views: 55.2ms | ActiveRecord: 1.0ms)


Started GET "/subs/1" for ::1 at 2020-07-20 13:13:06 -0700
Processing by SubsController#show as HTML
  Parameters: {"id"=>"1"}
  [1m[36mUser Load (6.6ms)[0m  [1m[34mSELECT  "users".* FROM "users" WHERE "users"."session_token" = $1 LIMIT $2[0m  [["session_token", "87xbpKop8LjSapwraLykBw"], ["LIMIT", 1]]
  ↳ app/controllers/application_controller.rb:6
  [1m[36mSub Load (2.7ms)[0m  [1m[34mSELECT  "subs".* FROM "subs" WHERE "subs"."id" = $1 LIMIT $2[0m  [["id", 1], ["LIMIT", 1]]
  ↳ app/controllers/subs_controller.rb:26
  Rendering subs/show.html.erb within layouts/application
  Rendered subs/show.html.erb within layouts/application (0.3ms)
Completed 200 OK in 78ms (Views: 65.8ms | ActiveRecord: 9.2ms)


Started DELETE "/session" for ::1 at 2020-07-20 13:13:45 -0700
Processing by SessionsController#destroy as HTML
  Parameters: {"authenticity_token"=>"mct5IIPBai5LwJYn2CuyXfdj3FuYXGodgjvgw43YPEdSJIevMRT1lNgEcrOkg9F1kAVXVyg/vc8CnjewE8Wnzw=="}
  [1m[36mUser Load (0.4ms)[0m  [1m[34mSELECT  "users".* FROM "users" WHERE "users"."session_token" = $1 LIMIT $2[0m  [["session_token", "87xbpKop8LjSapwraLykBw"], ["LIMIT", 1]]
  ↳ app/controllers/application_controller.rb:6
  [1m[35m (0.3ms)[0m  [1m[35mBEGIN[0m
  ↳ app/models/user.rb:42
  [1m[36mUser Exists (0.6ms)[0m  [1m[34mSELECT  1 AS one FROM "users" WHERE "users"."name" = $1 AND "users"."id" != $2 LIMIT $3[0m  [["name", "123456"], ["id", 2], ["LIMIT", 1]]
  ↳ app/models/user.rb:42
  [1m[36mUser Exists (0.5ms)[0m  [1m[34mSELECT  1 AS one FROM "users" WHERE "users"."session_token" = $1 AND "users"."id" != $2 LIMIT $3[0m  [["session_token", "-Boi8jHlfeLqbTAHxFrojg"], ["id", 2], ["LIMIT", 1]]
  ↳ app/models/user.rb:42
  [1m[36mUser Update (0.9ms)[0m  [1m[33mUPDATE "users" SET "session_token" = $1, "updated_at" = $2 WHERE "users"."id" = $3[0m  [["session_token", "-Boi8jHlfeLqbTAHxFrojg"], ["updated_at", "2020-07-20 20:13:45.572145"], ["id", 2]]
  ↳ app/models/user.rb:42
  [1m[35m (0.7ms)[0m  [1m[35mCOMMIT[0m
  ↳ app/models/user.rb:42
Redirected to http://localhost:3000/session/new
Completed 302 Found in 23ms (ActiveRecord: 3.5ms)


Started GET "/session/new" for ::1 at 2020-07-20 13:13:45 -0700
Processing by SessionsController#new as HTML
Completed 500 Internal Server Error in 109ms (ActiveRecord: 0.0ms)



NoMethodError - undefined method `require_sign_out' for #<SessionsController:0x00007fdc97f78840>
Did you mean?  require_sign_in:

Started POST "/__better_errors/59b4d314b5adea1d/variables" for ::1 at 2020-07-20 13:13:46 -0700
Started GET "/session/new" for ::1 at 2020-07-20 13:14:14 -0700
Processing by SessionsController#new as HTML
  [1m[36mUser Load (0.7ms)[0m  [1m[34mSELECT  "users".* FROM "users" WHERE "users"."session_token" IS NULL LIMIT $1[0m  [["LIMIT", 1]]
  ↳ app/controllers/application_controller.rb:6
  Rendering sessions/new.html.erb within layouts/application
  Rendered sessions/new.html.erb within layouts/application (0.8ms)
  [1m[36mCACHE User Load (0.0ms)[0m  [1m[34mSELECT  "users".* FROM "users" WHERE "users"."session_token" IS NULL LIMIT $1[0m  [["LIMIT", 1]]
  ↳ app/controllers/application_controller.rb:6
Completed 200 OK in 53ms (Views: 40.0ms | ActiveRecord: 3.2ms)


